/GJets_Pt-100To250_13TeV_sherpa/RunIISummer16NanoAODv6-PUMoriond17_Nano25Oct2019_102X_mcRun2_asymptotic_v7-v1/NANOAODSIM
/GJets_Pt-5To50_13TeV-sherpa/RunIISummer16NanoAODv6-PUMoriond17_Nano25Oct2019_102X_mcRun2_asymptotic_v7-v1/NANOAODSIM
/QCD_Pt-600to800_MuEnrichedPt5_TuneCP5_13TeV_pythia8/RunIIAutumn18NanoAODv6-Nano25Oct2019_102X_upgrade2018_realistic_v20-v1/NANOAODSIM
/QCD_Pt-600to800_MuEnrichedPt5_TuneCP5_13TeV_pythia8/RunIIFall17NanoAODv6-PU2017_12Apr2018_Nano25Oct2019_102X_mc2017_realistic_v7-v1/NANOAODSIM
/QCD_Pt-600to800_MuEnrichedPt5_TuneCUETP8M1_13TeV_pythia8/RunIISummer16NanoAODv6-PUMoriond17_Nano25Oct2019_102X_mcRun2_asymptotic_v7-v1/NANOAODSIM
/QCD_Pt-600to800_MuEnrichedPt5_TuneCUETP8M1_13TeV_pythia8/RunIISummer16NanoAODv6-PUMoriond17_Nano25Oct2019_102X_mcRun2_asymptotic_v7_ext1-v1/NANOAODSIM
/QCD_Pt-600to800_MuEnrichedPt5_TuneCUETP8M1_13TeV_pythia8/RunIISummer16NanoAODv6-PUMoriond17_Nano25Oct2019_backup_102X_mcRun2_asymptotic_v7-v1/NANOAODSIM
/GJets_Pt-20To100_13TeV-sherpa/RunIISummer16NanoAODv6-PUMoriond17_Nano25Oct2019_102X_mcRun2_asymptotic_v7-v1/NANOAODSIM
/GJets_Pt-250To400_13TeV-sherpa/RunIISummer16NanoAODv6-PUMoriond17_Nano25Oct2019_102X_mcRun2_asymptotic_v7-v1/NANOAODSIM
/GJets_Mjj-500_SM_5f_TuneCP5_EWK_13TeV-madgraph-pythia8/RunIIAutumn18NanoAODv6-Nano25Oct2019_102X_upgrade2018_realistic_v20-v1/NANOAODSIM
/GJets_Mjj-500_SM_5f_TuneCP5_EWK_13TeV-madgraph-pythia8/RunIIFall17NanoAODv6-PU2017_12Apr2018_Nano25Oct2019_102X_mc2017_realistic_v7-v1/NANOAODSIM
/GJets_Mjj-500_SM_5f_TuneCUETP8M1_EWK_13TeV-madgraph-pythia8/RunIISummer16NanoAODv6-Nano25Oct2019_102X_mcRun2_asymptotic_v7-v1/NANOAODSIM
/QCD_Pt-120to170_MuEnrichedPt5_TuneCP5_13TeV_pythia8/RunIIAutumn18NanoAODv6-Nano25Oct2019_102X_upgrade2018_realistic_v20-v1/NANOAODSIM
/QCD_Pt-120to170_MuEnrichedPt5_TuneCP5_13TeV_pythia8/RunIIAutumn18NanoAODv6-Nano25Oct2019_102X_upgrade2018_realistic_v20_ext1-v1/NANOAODSIM
/QCD_Pt-120to170_MuEnrichedPt5_TuneCP5_13TeV_pythia8/RunIIFall17NanoAODv6-PU2017_12Apr2018_Nano25Oct2019_102X_mc2017_realistic_v7-v1/NANOAODSIM
/QCD_Pt-120to170_MuEnrichedPt5_TuneCUETP8M1_13TeV_pythia8/RunIISummer16NanoAODv6-PUMoriond17_Nano25Oct2019_102X_mcRun2_asymptotic_v7-v1/NANOAODSIM
/QCD_Pt-120to170_MuEnrichedPt5_TuneCUETP8M1_13TeV_pythia8/RunIISummer16NanoAODv6-PUMoriond17_Nano25Oct2019_backup_102X_mcRun2_asymptotic_v7-v1/NANOAODSIM
/GJets_Pt-1000To2000_13TeV-sherpa/RunIISummer16NanoAODv6-PUMoriond17_Nano25Oct2019_102X_mcRun2_asymptotic_v7-v1/NANOAODSIM
/DYJetsToLL_M-50_HT-2500toInf_TuneCP5_13TeV-madgraphMLM-pythia8/RunIIFall17NanoAODv6-PU2017_12Apr2018_Nano25Oct2019_new_pmx_102X_mc2017_realistic_v7-v1/NANOAODSIM
/DYJetsToLL_M-50_HT-2500toInf_TuneCP5_PSweights_13TeV-madgraphMLM-pythia8/RunIIAutumn18NanoAODv6-Nano25Oct2019_102X_upgrade2018_realistic_v20-v1/NANOAODSIM
/DYJetsToLL_M-50_HT-2500toInf_TuneCUETP8M1_13TeV-madgraphMLM-pythia8/RunIISummer16NanoAODv6-PUMoriond17_Nano25Oct2019_102X_mcRun2_asymptotic_v7-v1/NANOAODSIM
/DiPhotonJetsBox_M40_80-Sherpa/RunIIAutumn18NanoAODv6-Nano25Oct2019_102X_upgrade2018_realistic_v20-v1/NANOAODSIM
/DiPhotonJetsBox_M40_80-Sherpa/RunIIFall17NanoAODv6-PU2017_12Apr2018_Nano25Oct2019_102X_mc2017_realistic_v7-v1/NANOAODSIM
/DiPhotonJetsBox_M40_80-Sherpa/RunIISummer16NanoAODv6-PUMoriond17_Nano25Oct2019_102X_mcRun2_asymptotic_v7-v1/NANOAODSIM
/DYJetsToLL_M-50_HT-800to1200_TuneCP5_13TeV-madgraphMLM-pythia8/RunIIFall17NanoAODv6-PU2017_12Apr2018_Nano25Oct2019_new_pmx_102X_mc2017_realistic_v7-v1/NANOAODSIM
/DYJetsToLL_M-50_HT-800to1200_TuneCP5_PSweights_13TeV-madgraphMLM-pythia8/RunIIAutumn18NanoAODv6-Nano25Oct2019_102X_upgrade2018_realistic_v20-v1/NANOAODSIM
/DYJetsToLL_M-50_HT-800to1200_TuneCUETP8M1_13TeV-madgraphMLM-pythia8/RunIISummer16NanoAODv6-PUMoriond17_Nano25Oct2019_102X_mcRun2_asymptotic_v7-v1/NANOAODSIM
/QCD_Pt-80to120_MuEnrichedPt5_TuneCP5_13TeV_pythia8/RunIIAutumn18NanoAODv6-Nano25Oct2019_102X_upgrade2018_realistic_v20-v1/NANOAODSIM
/QCD_Pt-80to120_MuEnrichedPt5_TuneCP5_13TeV_pythia8/RunIIAutumn18NanoAODv6-Nano25Oct2019_102X_upgrade2018_realistic_v20_ext1-v1/NANOAODSIM
/QCD_Pt-80to120_MuEnrichedPt5_TuneCP5_13TeV_pythia8/RunIIFall17NanoAODv6-PU2017_12Apr2018_Nano25Oct2019_102X_mc2017_realistic_v7-v1/NANOAODSIM
/QCD_Pt-80to120_MuEnrichedPt5_TuneCUETP8M1_13TeV_pythia8/RunIISummer16NanoAODv6-PUMoriond17_Nano25Oct2019_102X_mcRun2_asymptotic_v7-v1/NANOAODSIM
/QCD_Pt-80to120_MuEnrichedPt5_TuneCUETP8M1_13TeV_pythia8/RunIISummer16NanoAODv6-PUMoriond17_Nano25Oct2019_102X_mcRun2_asymptotic_v7_ext1-v1/NANOAODSIM
/DoubleMuon/Run2016B_ver1-Nano25Oct2019_ver1-v1/NANOAOD
/DoubleMuon/Run2016B_ver2-Nano25Oct2019_ver2-v1/NANOAOD
/DoubleMuon/Run2016C-Nano25Oct2019-v1/NANOAOD
/DoubleMuon/Run2016D-Nano25Oct2019-v1/NANOAOD
/DoubleMuon/Run2016E-Nano25Oct2019-v1/NANOAOD
/DoubleMuon/Run2016F-Nano25Oct2019-v1/NANOAOD
/DoubleMuon/Run2016G-Nano25Oct2019-v1/NANOAOD
/DoubleMuon/Run2016H-Nano25Oct2019-v1/NANOAOD
/DoubleMuon/Run2017B-Nano25Oct2019-v1/NANOAOD
/DoubleMuon/Run2017C-Nano25Oct2019-v1/NANOAOD
/DoubleMuon/Run2017D-Nano25Oct2019-v1/NANOAOD
/DoubleMuon/Run2017E-Nano25Oct2019-v1/NANOAOD
/DoubleMuon/Run2017F-Nano25Oct2019-v1/NANOAOD
/DoubleMuon/Run2018A-Nano25Oct2019-v1/NANOAOD
/DoubleMuon/Run2018B-Nano25Oct2019-v1/NANOAOD
/DoubleMuon/Run2018C-Nano25Oct2019-v1/NANOAOD
/DoubleMuon/Run2018D-Nano25Oct2019_ver2-v1/NANOAOD
#/DYJetsToLL_M-500to700_TuneCP5_13TeV-amcatnloFXFX-pythia8/RunIIAutumn18NanoAODv6-Nano25Oct2019_102X_upgrade2018_realistic_v20-v1/NANOAODSIM
#/DYJetsToLL_M-500to700_TuneCP5_13TeV-amcatnloFXFX-pythia8/RunIIFall17NanoAODv6-PU2017_12Apr2018_Nano25Oct2019_102X_mc2017_realistic_v7-v1/NANOAODSIM
#/DYJetsToLL_M-500to700_TuneCUETP8M1_13TeV-amcatnloFXFX-pythia8/RunIISummer16NanoAODv6-PUMoriond17_Nano25Oct2019_102X_mcRun2_asymptotic_v7_ext1-v1/NANOAODSIM
/DYJetsToLL_M-50_TuneCP5_13TeV-amcatnloFXFX-pythia8/RunIIAutumn18NanoAODv6-Nano25Oct2019_102X_upgrade2018_realistic_v20-v1/NANOAODSIM
/DYJetsToLL_M-50_TuneCP5_13TeV-amcatnloFXFX-pythia8/RunIIAutumn18NanoAODv6-Nano25Oct2019_102X_upgrade2018_realistic_v20_ext2-v1/NANOAODSIM
/DYJetsToLL_M-50_TuneCP5_13TeV-amcatnloFXFX-pythia8/RunIIFall17NanoAODv6-PU2017_12Apr2018_Nano25Oct2019_102X_mc2017_realistic_v7-v1/NANOAODSIM
/DYJetsToLL_M-50_TuneCP5_13TeV-amcatnloFXFX-pythia8/RunIIFall17NanoAODv6-PU2017_12Apr2018_Nano25Oct2019_102X_mc2017_realistic_v7_ext3-v1/NANOAODSIM
/DYJetsToLL_M-50_TuneCP5_13TeV-amcatnloFXFX-pythia8/RunIIFall17NanoAODv6-PU2017_12Apr2018_Nano25Oct2019_new_pmx_102X_mc2017_realistic_v7-v1/NANOAODSIM
/DYJetsToLL_M-50_TuneCP5_13TeV-amcatnloFXFX-pythia8/RunIIFall17NanoAODv6-PU2017_12Apr2018_Nano25Oct2019_new_pmx_102X_mc2017_realistic_v7_ext1-v1/NANOAODSIM
/DYJetsToLL_M-50_TuneCUETP8M1_13TeV-amcatnloFXFX-pythia8/RunIISummer16NanoAODv6-PUMoriond17_Nano25Oct2019_102X_mcRun2_asymptotic_v7_ext2-v1/NANOAODSIM
# /DYJetsToLL_M-50_TuneCUETP8M1_13TeV-amcatnloFXFX-pythia8/RunIISummer16NanoAODv6-PUMoriond17_Nano25Oct2019_minus10percentMaterial_102X_mcRun2_asymptotic_v7-v1/NANOAODSIM
# /DYJetsToLL_M-50_TuneCUETP8M1_13TeV-amcatnloFXFX-pythia8/RunIISummer16NanoAODv6-PUMoriond17_Nano25Oct2019_minus5percentMaterial_102X_mcRun2_asymptotic_v7-v1/NANOAODSIM
# /DYJetsToLL_M-50_TuneCUETP8M1_13TeV-amcatnloFXFX-pythia8/RunIISummer16NanoAODv6-PUMoriond17_Nano25Oct2019_plus10percentMaterial_102X_mcRun2_asymptotic_v7-v1/NANOAODSIM
# /DYJetsToLL_M-50_TuneCUETP8M1_13TeV-amcatnloFXFX-pythia8/RunIISummer16NanoAODv6-PUMoriond17_Nano25Oct2019_plus5percentMaterial_102X_mcRun2_asymptotic_v7-v1/NANOAODSIM
#/DYJetsToLL_M-50_VBFFilter_TuneCP5_PSweights_13TeV-amcatnloFXFX-pythia8/RunIIFall17NanoAODv6-PU2017_12Apr2018_Nano25Oct2019_VBFPostMGFilter_102X_mc2017_realistic_v7-v1/NANOAODSIM
/QCD_Pt-300toInf_EMEnriched_TuneCP5_13TeV_pythia8/RunIIAutumn18NanoAODv6-Nano25Oct2019_102X_upgrade2018_realistic_v20-v1/NANOAODSIM
/QCD_Pt-300toInf_EMEnriched_TuneCP5_13TeV_pythia8/RunIIFall17NanoAODv6-PU2017_12Apr2018_Nano25Oct2019_102X_mc2017_realistic_v7-v1/NANOAODSIM
/QCD_Pt-300toInf_EMEnriched_TuneCUETP8M1_13TeV_pythia8/RunIISummer16NanoAODv6-PUMoriond17_Nano25Oct2019_102X_mcRun2_asymptotic_v7-v1/NANOAODSIM
#/GJets_HT-200To400_DoubleEMEnriched_MGG-80toInf_TuneCP5_13TeV-madgraphMLM-pythia8/RunIIAutumn18NanoAODv6-Nano25Oct2019_102X_upgrade2018_realistic_v20-v1/NANOAODSIM
/GJets_HT-200To400_TuneCP5_13TeV-madgraphMLM-pythia8/RunIIAutumn18NanoAODv6-Nano25Oct2019_102X_upgrade2018_realistic_v20-v1/NANOAODSIM
/GJets_HT-200To400_TuneCP5_13TeV-madgraphMLM-pythia8/RunIIFall17NanoAODv6-PU2017_12Apr2018_Nano25Oct2019_new_pmx_102X_mc2017_realistic_v7-v1/NANOAODSIM
/GJets_HT-200To400_TuneCUETP8M1_13TeV-madgraphMLM-pythia8/RunIISummer16NanoAODv6-PUMoriond17_Nano25Oct2019_102X_mcRun2_asymptotic_v7-v1/NANOAODSIM
/GJets_HT-200To400_TuneCUETP8M1_13TeV-madgraphMLM-pythia8/RunIISummer16NanoAODv6-PUMoriond17_Nano25Oct2019_102X_mcRun2_asymptotic_v7_ext1-v1/NANOAODSIM
/QCD_Pt-800to1000_MuEnrichedPt5_TuneCP5_13TeV_pythia8/RunIIAutumn18NanoAODv6-Nano25Oct2019_102X_upgrade2018_realistic_v20_ext3-v1/NANOAODSIM
/QCD_Pt-800to1000_MuEnrichedPt5_TuneCP5_13TeV_pythia8/RunIIFall17NanoAODv6-PU2017_12Apr2018_Nano25Oct2019_102X_mc2017_realistic_v7-v1/NANOAODSIM
/QCD_Pt-800to1000_MuEnrichedPt5_TuneCUETP8M1_13TeV_pythia8/RunIISummer16NanoAODv6-PUMoriond17_Nano25Oct2019_102X_mcRun2_asymptotic_v7-v1/NANOAODSIM
/QCD_Pt-800to1000_MuEnrichedPt5_TuneCUETP8M1_13TeV_pythia8/RunIISummer16NanoAODv6-PUMoriond17_Nano25Oct2019_102X_mcRun2_asymptotic_v7_ext1-v1/NANOAODSIM
/QCD_Pt-800to1000_MuEnrichedPt5_TuneCUETP8M1_13TeV_pythia8/RunIISummer16NanoAODv6-PUMoriond17_Nano25Oct2019_102X_mcRun2_asymptotic_v7_ext2-v1/NANOAODSIM
/GJets_Pt-50To100_13TeV-sherpa/RunIISummer16NanoAODv6-PUMoriond17_Nano25Oct2019_102X_mcRun2_asymptotic_v7-v1/NANOAODSIM
/QCD_Pt-30to50_MuEnrichedPt5_TuneCP5_13TeV_pythia8/RunIIAutumn18NanoAODv6-Nano25Oct2019_102X_upgrade2018_realistic_v20-v1/NANOAODSIM
/QCD_Pt-30to50_MuEnrichedPt5_TuneCP5_13TeV_pythia8/RunIIFall17NanoAODv6-PU2017_12Apr2018_Nano25Oct2019_102X_mc2017_realistic_v7-v1/NANOAODSIM
/QCD_Pt-30to50_MuEnrichedPt5_TuneCUETP8M1_13TeV_pythia8/RunIISummer16NanoAODv6-PUMoriond17_Nano25Oct2019_102X_mcRun2_asymptotic_v7-v1/NANOAODSIM
/DYJetsToLL_M-50_HT-1200to2500_TuneCP5_13TeV-madgraphMLM-pythia8/RunIIFall17NanoAODv6-PU2017_12Apr2018_Nano25Oct2019_102X_mc2017_realistic_v7-v1/NANOAODSIM
/DYJetsToLL_M-50_HT-1200to2500_TuneCP5_PSweights_13TeV-madgraphMLM-pythia8/RunIIAutumn18NanoAODv6-Nano25Oct2019_102X_upgrade2018_realistic_v20-v1/NANOAODSIM
/DYJetsToLL_M-50_HT-1200to2500_TuneCUETP8M1_13TeV-madgraphMLM-pythia8/RunIISummer16NanoAODv6-PUMoriond17_Nano25Oct2019_102X_mcRun2_asymptotic_v7-v1/NANOAODSIM
/QCD_Pt-20to30_EMEnriched_TuneCP5_13TeV_pythia8/RunIIAutumn18NanoAODv6-Nano25Oct2019_102X_upgrade2018_realistic_v20-v1/NANOAODSIM
/QCD_Pt-20to30_EMEnriched_TuneCP5_13TeV_pythia8/RunIIFall17NanoAODv6-PU2017_12Apr2018_Nano25Oct2019_102X_mc2017_realistic_v7-v1/NANOAODSIM
/QCD_Pt-20to30_EMEnriched_TuneCUETP8M1_13TeV_pythia8/RunIISummer16NanoAODv6-PUMoriond17_Nano25Oct2019_102X_mcRun2_asymptotic_v7-v1/NANOAODSIM
/AJJ_EWK_TuneCP5_13TeV_amcatnlo-pythia8/RunIIAutumn18NanoAODv6-Nano25Oct2019_102X_upgrade2018_realistic_v20-v1/NANOAODSIM
/AJJ_EWK_TuneCP5_13TeV_amcatnlo-pythia8/RunIIFall17NanoAODv6-PU2017_12Apr2018_Nano25Oct2019_102X_mc2017_realistic_v7-v1/NANOAODSIM
/AJJ_EWK_TuneCUETP8M1_13TeV_amcatnlo-pythia8/RunIISummer16NanoAODv6-PUMoriond17_Nano25Oct2019_102X_mcRun2_asymptotic_v7-v1/NANOAODSIM
/QCD_Pt-170to300_MuEnrichedPt5_TuneCP5_13TeV_pythia8/RunIIAutumn18NanoAODv6-Nano25Oct2019_102X_upgrade2018_realistic_v20-v1/NANOAODSIM
/QCD_Pt-170to300_MuEnrichedPt5_TuneCP5_13TeV_pythia8/RunIIFall17NanoAODv6-PU2017_12Apr2018_Nano25Oct2019_102X_mc2017_realistic_v7-v1/NANOAODSIM
/QCD_Pt-170to300_MuEnrichedPt5_TuneCUETP8M1_13TeV_pythia8/RunIISummer16NanoAODv6-PUMoriond17_Nano25Oct2019_102X_mcRun2_asymptotic_v7-v1/NANOAODSIM
/QCD_Pt-170to300_MuEnrichedPt5_TuneCUETP8M1_13TeV_pythia8/RunIISummer16NanoAODv6-PUMoriond17_Nano25Oct2019_102X_mcRun2_asymptotic_v7_ext1-v1/NANOAODSIM
/QCD_Pt-170to300_MuEnrichedPt5_TuneCUETP8M1_13TeV_pythia8/RunIISummer16NanoAODv6-PUMoriond17_Nano25Oct2019_backup_102X_mcRun2_asymptotic_v7-v1/NANOAODSIM
/GJets_Pt-500To1000_13TeV-sherpa/RunIISummer16NanoAODv6-PUMoriond17_Nano25Oct2019_102X_mcRun2_asymptotic_v7-v1/NANOAODSIM
/DYJetsToLL_0J_TuneCP5_13TeV-amcatnloFXFX-pythia8/RunIIAutumn18NanoAODv6-Nano25Oct2019_102X_upgrade2018_realistic_v20-v1/NANOAODSIM
/DYJetsToLL_0J_TuneCP5_13TeV-amcatnloFXFX-pythia8/RunIIFall17NanoAODv6-PU2017_12Apr2018_Nano25Oct2019_102X_mc2017_realistic_v7-v1/NANOAODSIM
/DYJetsToLL_M-50_HT-100to200_TuneCP5_13TeV-madgraphMLM-pythia8/RunIIFall17NanoAODv6-PU2017_12Apr2018_Nano25Oct2019_ext_102X_mc2017_realistic_v7_ext1-v1/NANOAODSIM
/DYJetsToLL_M-50_HT-100to200_TuneCP5_13TeV-madgraphMLM-pythia8/RunIIFall17NanoAODv6-PU2017_12Apr2018_Nano25Oct2019_new_pmx_102X_mc2017_realistic_v7-v1/NANOAODSIM
/DYJetsToLL_M-50_HT-100to200_TuneCP5_PSweights_13TeV-madgraphMLM-pythia8/RunIIAutumn18NanoAODv6-Nano25Oct2019_102X_upgrade2018_realistic_v20-v1/NANOAODSIM
/DYJetsToLL_M-50_HT-100to200_TuneCUETP8M1_13TeV-madgraphMLM-pythia8/RunIISummer16NanoAODv6-PUMoriond17_Nano25Oct2019_102X_mcRun2_asymptotic_v7-v1/NANOAODSIM
/DYJetsToLL_M-50_HT-100to200_TuneCUETP8M1_13TeV-madgraphMLM-pythia8/RunIISummer16NanoAODv6-PUMoriond17_Nano25Oct2019_102X_mcRun2_asymptotic_v7_ext1-v1/NANOAODSIM
/DYJetsToLL_M-50_HT-1200to2500_TuneCP5_13TeV-madgraphMLM-pythia8/RunIIFall17NanoAODv6-PU2017_12Apr2018_Nano25Oct2019_102X_mc2017_realistic_v7-v1/NANOAODSIM
/DYJetsToLL_M-50_HT-1200to2500_TuneCP5_PSweights_13TeV-madgraphMLM-pythia8/RunIIAutumn18NanoAODv6-Nano25Oct2019_102X_upgrade2018_realistic_v20-v1/NANOAODSIM
/DYJetsToLL_M-50_HT-1200to2500_TuneCUETP8M1_13TeV-madgraphMLM-pythia8/RunIISummer16NanoAODv6-PUMoriond17_Nano25Oct2019_102X_mcRun2_asymptotic_v7-v1/NANOAODSIM
/DYJetsToLL_M-50_HT-200to400_TuneCP5_13TeV-madgraphMLM-pythia8/RunIIFall17NanoAODv6-PU2017_12Apr2018_Nano25Oct2019_102X_mc2017_realistic_v7-v1/NANOAODSIM
/DYJetsToLL_M-50_HT-200to400_TuneCP5_13TeV-madgraphMLM-pythia8/RunIIFall17NanoAODv6-PU2017_12Apr2018_Nano25Oct2019_102X_mc2017_realistic_v7_ext1-v1/NANOAODSIM
/DYJetsToLL_M-50_HT-200to400_TuneCP5_PSweights_13TeV-madgraphMLM-pythia8/RunIIAutumn18NanoAODv6-Nano25Oct2019_102X_upgrade2018_realistic_v20-v1/NANOAODSIM
/DYJetsToLL_M-50_HT-200to400_TuneCUETP8M1_13TeV-madgraphMLM-pythia8/RunIISummer16NanoAODv6-PUMoriond17_Nano25Oct2019_102X_mcRun2_asymptotic_v7-v1/NANOAODSIM
/DYJetsToLL_M-50_HT-200to400_TuneCUETP8M1_13TeV-madgraphMLM-pythia8/RunIISummer16NanoAODv6-PUMoriond17_Nano25Oct2019_102X_mcRun2_asymptotic_v7_ext1-v1/NANOAODSIM
/DYJetsToLL_M-50_HT-2500toInf_TuneCP5_13TeV-madgraphMLM-pythia8/RunIIFall17NanoAODv6-PU2017_12Apr2018_Nano25Oct2019_new_pmx_102X_mc2017_realistic_v7-v1/NANOAODSIM
/DYJetsToLL_M-50_HT-2500toInf_TuneCP5_PSweights_13TeV-madgraphMLM-pythia8/RunIIAutumn18NanoAODv6-Nano25Oct2019_102X_upgrade2018_realistic_v20-v1/NANOAODSIM
/DYJetsToLL_M-50_HT-2500toInf_TuneCUETP8M1_13TeV-madgraphMLM-pythia8/RunIISummer16NanoAODv6-PUMoriond17_Nano25Oct2019_102X_mcRun2_asymptotic_v7-v1/NANOAODSIM
/DYJetsToLL_M-50_HT-400to600_TuneCP5_13TeV-madgraphMLM-pythia8/RunIIFall17NanoAODv6-PU2017_12Apr2018_Nano25Oct2019_ext_102X_mc2017_realistic_v7_ext1-v1/NANOAODSIM
/DYJetsToLL_M-50_HT-400to600_TuneCP5_13TeV-madgraphMLM-pythia8/RunIIFall17NanoAODv6-PU2017_12Apr2018_Nano25Oct2019_new_pmx_102X_mc2017_realistic_v7-v1/NANOAODSIM
/DYJetsToLL_M-50_HT-400to600_TuneCP5_PSweights_13TeV-madgraphMLM-pythia8/RunIIAutumn18NanoAODv6-Nano25Oct2019_102X_upgrade2018_realistic_v20-v1/NANOAODSIM
/DYJetsToLL_M-50_HT-400to600_TuneCP5_PSweights_13TeV-madgraphMLM-pythia8/RunIIAutumn18NanoAODv6-Nano25Oct2019_102X_upgrade2018_realistic_v20_ext1-v1/NANOAODSIM
/DYJetsToLL_M-50_HT-400to600_TuneCP5_PSweights_13TeV-madgraphMLM-pythia8/RunIIAutumn18NanoAODv6-Nano25Oct2019_102X_upgrade2018_realistic_v20_ext2-v1/NANOAODSIM
/DYJetsToLL_M-50_HT-400to600_TuneCP5_PSweights_13TeV-madgraphMLM-pythia8/RunIIAutumn18NanoAODv6-Nano25Oct2019_102X_upgrade2018_realistic_v20_ext3-v1/NANOAODSIM
/DYJetsToLL_M-50_HT-400to600_TuneCP5_PSweights_13TeV-madgraphMLM-pythia8/RunIIAutumn18NanoAODv6-Nano25Oct2019_102X_upgrade2018_realistic_v20_ext4-v1/NANOAODSIM
/DYJetsToLL_M-50_HT-400to600_TuneCUETP8M1_13TeV-madgraphMLM-pythia8/RunIISummer16NanoAODv6-PUMoriond17_Nano25Oct2019_102X_mcRun2_asymptotic_v7-v1/NANOAODSIM
/DYJetsToLL_M-50_HT-400to600_TuneCUETP8M1_13TeV-madgraphMLM-pythia8/RunIISummer16NanoAODv6-PUMoriond17_Nano25Oct2019_102X_mcRun2_asymptotic_v7_ext1-v1/NANOAODSIM
/DYJetsToLL_M-50_HT-40to70_TuneCP5_13TeV-madgraphMLM-pythia8/RunIIFall17NanoAODv6-PU2017_12Apr2018_Nano25Oct2019_102X_mc2017_realistic_v7-v1/NANOAODSIM
/DYJetsToLL_M-50_HT-600to800_TuneCP5_13TeV-madgraphMLM-pythia8/RunIIFall17NanoAODv6-PU2017_12Apr2018_Nano25Oct2019_new_pmx_102X_mc2017_realistic_v7-v1/NANOAODSIM
/DYJetsToLL_M-50_HT-600to800_TuneCP5_PSweights_13TeV-madgraphMLM-pythia8/RunIIAutumn18NanoAODv6-Nano25Oct2019_102X_upgrade2018_realistic_v20-v1/NANOAODSIM
/DYJetsToLL_M-50_HT-600to800_TuneCUETP8M1_13TeV-madgraphMLM-pythia8/RunIISummer16NanoAODv6-PUMoriond17_Nano25Oct2019_102X_mcRun2_asymptotic_v7-v1/NANOAODSIM
/DYJetsToLL_M-50_HT-70to100_TuneCP5_13TeV-madgraphMLM-pythia8/RunIIFall17NanoAODv6-PU2017_12Apr2018_Nano25Oct2019_102X_mc2017_realistic_v7-v1/NANOAODSIM
/DYJetsToLL_M-50_HT-70to100_TuneCP5_PSweights_13TeV-madgraphMLM-pythia8/RunIIAutumn18NanoAODv6-Nano25Oct2019_102X_upgrade2018_realistic_v20-v1/NANOAODSIM
/DYJetsToLL_M-50_HT-70to100_TuneCUETP8M1_13TeV-madgraphMLM-pythia8/RunIISummer16NanoAODv6-PUMoriond17_Nano25Oct2019_102X_mcRun2_asymptotic_v7-v1/NANOAODSIM
/DYJetsToLL_M-50_HT-800to1200_TuneCP5_13TeV-madgraphMLM-pythia8/RunIIFall17NanoAODv6-PU2017_12Apr2018_Nano25Oct2019_new_pmx_102X_mc2017_realistic_v7-v1/NANOAODSIM
/DYJetsToLL_M-50_HT-800to1200_TuneCP5_PSweights_13TeV-madgraphMLM-pythia8/RunIIAutumn18NanoAODv6-Nano25Oct2019_102X_upgrade2018_realistic_v20-v1/NANOAODSIM
/DYJetsToLL_M-50_HT-800to1200_TuneCUETP8M1_13TeV-madgraphMLM-pythia8/RunIISummer16NanoAODv6-PUMoriond17_Nano25Oct2019_102X_mcRun2_asymptotic_v7-v1/NANOAODSIM
/DYJetsToLL_M-50_TuneCP2_13TeV-madgraphMLM-pythia8/RunIIAutumn18NanoAODv6-PUFall18Fast_Nano25Oct2019_lhe_102X_upgrade2018_realistic_v20-v1/NANOAODSIM
/DYJetsToLL_M-50_TuneCP5_13TeV-madgraphMLM-pythia8/RunIIAutumn18NanoAODv6-Nano25Oct2019_102X_upgrade2018_realistic_v20-v1/NANOAODSIM
/DYJetsToLL_M-50_TuneCP5_13TeV-madgraphMLM-pythia8/RunIIFall17NanoAODv6-PU2017RECOSIMstep_12Apr2018_Nano25Oct2019_102X_mc2017_realistic_v7-v1/NANOAODSIM
/DYJetsToLL_M-50_TuneCP5_13TeV-madgraphMLM-pythia8/RunIIFall17NanoAODv6-PU2017RECOSIMstep_12Apr2018_Nano25Oct2019_102X_mc2017_realistic_v7_ext1-v1/NANOAODSIM
/DYJetsToLL_M-50_TuneCP5_13TeV-madgraphMLM-pythia8/RunIISummer16NanoAODv6-FlatPU28to62HcalNZSRAW_Nano25Oct2019_102X_mcRun2_asymptotic_v7-v1/NANOAODSIM
/DYJetsToLL_M-50_TuneCUETP8M1_13TeV-madgraphMLM-pythia8/RunIISummer16NanoAODv6-PUMoriond17_Nano25Oct2019_102X_mcRun2_asymptotic_v7_ext1-v1/NANOAODSIM
/DYJetsToLL_M-50_TuneCUETP8M1_13TeV-madgraphMLM-pythia8/RunIISummer16NanoAODv6-PUMoriond17_Nano25Oct2019_102X_mcRun2_asymptotic_v7_ext2-v1/NANOAODSIM
#/DYJetsToLL_M-50_VBFFilter_TuneCP5_PSweights_13TeV-madgraphMLM-pythia8/RunIIAutumn18NanoAODv6-Nano25Oct2019_VBFPostMGFilter_102X_upgrade2018_realistic_v20-v1/NANOAODSIM
#/DYJetsToLL_M-50_VBFFilter_TuneCP5_PSweights_13TeV-madgraphMLM-pythia8/RunIIFall17NanoAODv6-PU2017_12Apr2018_Nano25Oct2019_VBFPostMGFilter_102X_mc2017_realistic_v7-v1/NANOAODSIM
#/DYJetsToLL_M-50_Zpt-150toInf_TuneCP5_13TeV-madgraphMLM-pythia8/RunIIAutumn18NanoAODv6-Nano25Oct2019_102X_upgrade2018_realistic_v20-v1/NANOAODSIM
#/DYJetsToLL_M-50_Zpt-150toInf_TuneCUETP8M1_13TeV-madgraphMLM-pythia8/RunIISummer16NanoAODv6-PUMoriond17_Nano25Oct2019_102X_mcRun2_asymptotic_v7-v1/NANOAODSIM
/GJets_HT-40To100_TuneCP5_13TeV-madgraphMLM-pythia8/RunIIAutumn18NanoAODv6-Nano25Oct2019_102X_upgrade2018_realistic_v20-v1/NANOAODSIM
/GJets_HT-40To100_TuneCP5_13TeV-madgraphMLM-pythia8/RunIIFall17NanoAODv6-PU2017_12Apr2018_Nano25Oct2019_102X_mc2017_realistic_v7-v1/NANOAODSIM
/GJets_HT-40To100_TuneCP5_13TeV-madgraphMLM-pythia8/RunIIFall17NanoAODv6-PU2017_12Apr2018_Nano25Oct2019_new_pmx_102X_mc2017_realistic_v7_ext1-v1/NANOAODSIM
/GJets_HT-40To100_TuneCUETP8M1_13TeV-madgraphMLM-pythia8/RunIISummer16NanoAODv6-PUMoriond17_Nano25Oct2019_102X_mcRun2_asymptotic_v7-v1/NANOAODSIM
/GJets_HT-40To100_TuneCUETP8M1_13TeV-madgraphMLM-pythia8/RunIISummer16NanoAODv6-PUMoriond17_Nano25Oct2019_102X_mcRun2_asymptotic_v7_ext1-v1/NANOAODSIM
#/DYJetsToLL_M-50_TuneCUETP8M1_13TeV-amcatnloFXFX-pythia8_CUETP8M1Down/RunIISummer16NanoAODv6-PUMoriond17_Nano25Oct2019_102X_mcRun2_asymptotic_v7-v1/NANOAODSIM
#/LLJJ_INT_SM_5f_LO_13TeV_madgraph-pythia8_TuneCUETP8M1/RunIISummer16NanoAODv6-PUMoriond17_Nano25Oct2019_102X_mcRun2_asymptotic_v7_ext1-v1/NANOAODSIM
/DYJetsToLL_M-50_HT-400to600_TuneCP5_13TeV-madgraphMLM-pythia8/RunIIFall17NanoAODv6-PU2017_12Apr2018_Nano25Oct2019_ext_102X_mc2017_realistic_v7_ext1-v1/NANOAODSIM
/DYJetsToLL_M-50_HT-400to600_TuneCP5_13TeV-madgraphMLM-pythia8/RunIIFall17NanoAODv6-PU2017_12Apr2018_Nano25Oct2019_new_pmx_102X_mc2017_realistic_v7-v1/NANOAODSIM
/DYJetsToLL_M-50_HT-400to600_TuneCP5_PSweights_13TeV-madgraphMLM-pythia8/RunIIAutumn18NanoAODv6-Nano25Oct2019_102X_upgrade2018_realistic_v20-v1/NANOAODSIM
/DYJetsToLL_M-50_HT-400to600_TuneCP5_PSweights_13TeV-madgraphMLM-pythia8/RunIIAutumn18NanoAODv6-Nano25Oct2019_102X_upgrade2018_realistic_v20_ext1-v1/NANOAODSIM
/DYJetsToLL_M-50_HT-400to600_TuneCP5_PSweights_13TeV-madgraphMLM-pythia8/RunIIAutumn18NanoAODv6-Nano25Oct2019_102X_upgrade2018_realistic_v20_ext2-v1/NANOAODSIM
/DYJetsToLL_M-50_HT-400to600_TuneCP5_PSweights_13TeV-madgraphMLM-pythia8/RunIIAutumn18NanoAODv6-Nano25Oct2019_102X_upgrade2018_realistic_v20_ext3-v1/NANOAODSIM
/DYJetsToLL_M-50_HT-400to600_TuneCP5_PSweights_13TeV-madgraphMLM-pythia8/RunIIAutumn18NanoAODv6-Nano25Oct2019_102X_upgrade2018_realistic_v20_ext4-v1/NANOAODSIM
/DYJetsToLL_M-50_HT-400to600_TuneCUETP8M1_13TeV-madgraphMLM-pythia8/RunIISummer16NanoAODv6-PUMoriond17_Nano25Oct2019_102X_mcRun2_asymptotic_v7-v1/NANOAODSIM
/DYJetsToLL_M-50_HT-400to600_TuneCUETP8M1_13TeV-madgraphMLM-pythia8/RunIISummer16NanoAODv6-PUMoriond17_Nano25Oct2019_102X_mcRun2_asymptotic_v7_ext1-v1/NANOAODSIM
/GJets_HT-400To600_TuneCP5_13TeV-madgraphMLM-pythia8/RunIIAutumn18NanoAODv6-Nano25Oct2019_102X_upgrade2018_realistic_v20-v1/NANOAODSIM
/GJets_HT-400To600_TuneCP5_13TeV-madgraphMLM-pythia8/RunIIFall17NanoAODv6-PU2017_12Apr2018_Nano25Oct2019_102X_mc2017_realistic_v7-v1/NANOAODSIM
/GJets_HT-400To600_TuneCUETP8M1_13TeV-madgraphMLM-pythia8/RunIISummer16NanoAODv6-PUMoriond17_Nano25Oct2019_102X_mcRun2_asymptotic_v7-v1/NANOAODSIM
/GJets_HT-400To600_TuneCUETP8M1_13TeV-madgraphMLM-pythia8/RunIISummer16NanoAODv6-PUMoriond17_Nano25Oct2019_102X_mcRun2_asymptotic_v7_ext1-v1/NANOAODSIM
/QCD_Pt-50to80_EMEnriched_TuneCP5_13TeV_pythia8/RunIIAutumn18NanoAODv6-Nano25Oct2019_102X_upgrade2018_realistic_v20-v1/NANOAODSIM
/QCD_Pt-50to80_EMEnriched_TuneCP5_13TeV_pythia8/RunIIFall17NanoAODv6-PU2017_12Apr2018_Nano25Oct2019_102X_mc2017_realistic_v7-v1/NANOAODSIM
/QCD_Pt-50to80_EMEnriched_TuneCUETP8M1_13TeV_pythia8/RunIISummer16NanoAODv6-PUMoriond17_Nano25Oct2019_102X_mcRun2_asymptotic_v7-v1/NANOAODSIM
/QCD_Pt-50to80_EMEnriched_TuneCUETP8M1_13TeV_pythia8/RunIISummer16NanoAODv6-PUMoriond17_Nano25Oct2019_102X_mcRun2_asymptotic_v7_ext1-v1/NANOAODSIM
/GJets_HT-600ToInf_TuneCP5_13TeV-madgraphMLM-pythia8/RunIIAutumn18NanoAODv6-Nano25Oct2019_102X_upgrade2018_realistic_v20_ext1-v1/NANOAODSIM
/GJets_HT-600ToInf_TuneCP5_13TeV-madgraphMLM-pythia8/RunIIFall17NanoAODv6-PU2017_12Apr2018_Nano25Oct2019_102X_mc2017_realistic_v7-v1/NANOAODSIM
/GJets_HT-600ToInf_TuneCUETP8M1_13TeV-madgraphMLM-pythia8/RunIISummer16NanoAODv6-PUMoriond17_Nano25Oct2019_102X_mcRun2_asymptotic_v7-v1/NANOAODSIM
/GJets_HT-600ToInf_TuneCUETP8M1_13TeV-madgraphMLM-pythia8/RunIISummer16NanoAODv6-PUMoriond17_Nano25Oct2019_102X_mcRun2_asymptotic_v7_ext1-v1/NANOAODSIM
/GJets_Mjj-500_SM_5f_TuneCP5_INTERFERENCE_13TeV-madgraph-pythia8/RunIIAutumn18NanoAODv6-Nano25Oct2019_102X_upgrade2018_realistic_v20-v1/NANOAODSIM
/GJets_Mjj-500_SM_5f_TuneCP5_INTERFERENCE_13TeV-madgraph-pythia8/RunIIFall17NanoAODv6-PU2017_12Apr2018_Nano25Oct2019_102X_mc2017_realistic_v7-v1/NANOAODSIM
/GJets_Mjj-500_SM_5f_TuneCUETP8M1_INTERFERENCE_13TeV-madgraph-pythia8/RunIISummer16NanoAODv6-Nano25Oct2019_102X_mcRun2_asymptotic_v7-v1/NANOAODSIM
/GJets_Pt-200To500_13TeV-sherpa/RunIISummer16NanoAODv6-PUMoriond17_Nano25Oct2019_102X_mcRun2_asymptotic_v7-v1/NANOAODSIM
/GJets_Pt-100To200_13TeV-sherpa/RunIISummer16NanoAODv6-PUMoriond17_Nano25Oct2019_102X_mcRun2_asymptotic_v7-v1/NANOAODSIM
#/DYJetsToLL_M-50_TuneCUETP8M1_13TeV-amcatnloFXFX-pythia8_DownPS/RunIISummer16NanoAODv6-PUMoriond17_Nano25Oct2019_102X_mcRun2_asymptotic_v7-v1/NANOAODSIM
/QCD_Pt-50to80_MuEnrichedPt5_TuneCP5_13TeV_pythia8/RunIIAutumn18NanoAODv6-Nano25Oct2019_102X_upgrade2018_realistic_v20-v1/NANOAODSIM
/QCD_Pt-50to80_MuEnrichedPt5_TuneCP5_13TeV_pythia8/RunIIFall17NanoAODv6-PU2017_12Apr2018_Nano25Oct2019_102X_mc2017_realistic_v7-v1/NANOAODSIM
/QCD_Pt-50to80_MuEnrichedPt5_TuneCUETP8M1_13TeV_pythia8/RunIISummer16NanoAODv6-PUMoriond17_Nano25Oct2019_102X_mcRun2_asymptotic_v7-v1/NANOAODSIM
/DoubleEG/Run2016B_ver1-Nano25Oct2019_ver1-v1/NANOAOD
/DoubleEG/Run2016B_ver2-Nano25Oct2019_ver2-v1/NANOAOD
/DoubleEG/Run2016C-Nano25Oct2019-v1/NANOAOD
/DoubleEG/Run2016D-Nano25Oct2019-v1/NANOAOD
/DoubleEG/Run2016E-Nano25Oct2019-v1/NANOAOD
/DoubleEG/Run2016F-Nano25Oct2019-v1/NANOAOD
/DoubleEG/Run2016G-Nano25Oct2019-v1/NANOAOD
/DoubleEG/Run2016H-Nano25Oct2019-v1/NANOAOD
/DoubleEG/Run2017B-Nano25Oct2019-v1/NANOAOD
/DoubleEG/Run2017C-Nano25Oct2019-v1/NANOAOD
/DoubleEG/Run2017D-Nano25Oct2019-v1/NANOAOD
/DoubleEG/Run2017E-Nano25Oct2019-v1/NANOAOD
/DoubleEG/Run2017F-Nano25Oct2019-v1/NANOAOD
#/DYJetsToLL_M-50_TuneCUETP8M1_13TeV-amcatnloFXFX-pythia8_CUETP8M1Up/RunIISummer16NanoAODv6-PUMoriond17_Nano25Oct2019_102X_mcRun2_asymptotic_v7-v1/NANOAODSIM
/DYJetsToLL_M-50_HT-70to100_TuneCP5_13TeV-madgraphMLM-pythia8/RunIIFall17NanoAODv6-PU2017_12Apr2018_Nano25Oct2019_102X_mc2017_realistic_v7-v1/NANOAODSIM
/DYJetsToLL_M-50_HT-70to100_TuneCP5_PSweights_13TeV-madgraphMLM-pythia8/RunIIAutumn18NanoAODv6-Nano25Oct2019_102X_upgrade2018_realistic_v20-v1/NANOAODSIM
/DYJetsToLL_M-50_HT-70to100_TuneCUETP8M1_13TeV-madgraphMLM-pythia8/RunIISummer16NanoAODv6-PUMoriond17_Nano25Oct2019_102X_mcRun2_asymptotic_v7-v1/NANOAODSIM
/DYJetsToLL_2J_TuneCP5_13TeV-amcatnloFXFX-pythia8/RunIIAutumn18NanoAODv6-Nano25Oct2019_102X_upgrade2018_realistic_v20-v1/NANOAODSIM
/DYJetsToLL_2J_TuneCP5_13TeV-amcatnloFXFX-pythia8/RunIIFall17NanoAODv6-PU2017_12Apr2018_Nano25Oct2019_102X_mc2017_realistic_v7-v1/NANOAODSIM
/SinglePhoton/Run2016B_ver1-Nano25Oct2019_ver1-v1/NANOAOD
/SinglePhoton/Run2016B_ver2-Nano25Oct2019_ver2-v1/NANOAOD
/SinglePhoton/Run2016C-Nano25Oct2019-v1/NANOAOD
/SinglePhoton/Run2016D-Nano25Oct2019-v1/NANOAOD
/SinglePhoton/Run2016E-Nano25Oct2019-v1/NANOAOD
/SinglePhoton/Run2016F-Nano25Oct2019-v1/NANOAOD
/SinglePhoton/Run2016G-Nano25Oct2019-v1/NANOAOD
/SinglePhoton/Run2016H-Nano25Oct2019-v1/NANOAOD
/SinglePhoton/Run2017B-Nano25Oct2019-v1/NANOAOD
/SinglePhoton/Run2017C-Nano25Oct2019-v1/NANOAOD
/SinglePhoton/Run2017D-Nano25Oct2019-v1/NANOAOD
/SinglePhoton/Run2017E-Nano25Oct2019-v1/NANOAOD
/SinglePhoton/Run2017F-Nano25Oct2019-v1/NANOAOD
/GJets_Pt-2000To5000_13TeV-sherpa/RunIISummer16NanoAODv6-PUMoriond17_Nano25Oct2019_102X_mcRun2_asymptotic_v7-v1/NANOAODSIM
#/DYJetsToLL_M-50_TuneCUETP8M1_13TeV-amcatnloFXFX-pythia8_UpPS/RunIISummer16NanoAODv6-PUMoriond17_Nano25Oct2019_102X_mcRun2_asymptotic_v7-v1/NANOAODSIM
/QCD_Pt-1000toInf_MuEnrichedPt5_TuneCP5_13TeV_pythia8/RunIIAutumn18NanoAODv6-Nano25Oct2019_102X_upgrade2018_realistic_v20-v1/NANOAODSIM
/QCD_Pt-1000toInf_MuEnrichedPt5_TuneCP5_13TeV_pythia8/RunIIFall17NanoAODv6-PU2017_12Apr2018_Nano25Oct2019_102X_mc2017_realistic_v7-v1/NANOAODSIM
/QCD_Pt-1000toInf_MuEnrichedPt5_TuneCUETP8M1_13TeV_pythia8/RunIISummer16NanoAODv6-PUMoriond17_Nano25Oct2019_102X_mcRun2_asymptotic_v7-v1/NANOAODSIM
/QCD_Pt-1000toInf_MuEnrichedPt5_TuneCUETP8M1_13TeV_pythia8/RunIISummer16NanoAODv6-PUMoriond17_Nano25Oct2019_102X_mcRun2_asymptotic_v7_ext1-v1/NANOAODSIM
/EGamma/Run2018A-Nano25Oct2019-v1/NANOAOD
/EGamma/Run2018B-Nano25Oct2019-v1/NANOAOD
/EGamma/Run2018C-Nano25Oct2019-v1/NANOAOD
/EGamma/Run2018D-Nano25Oct2019-v1/NANOAOD
/DYJetsToLL_M-50_HT-600to800_TuneCP5_13TeV-madgraphMLM-pythia8/RunIIFall17NanoAODv6-PU2017_12Apr2018_Nano25Oct2019_new_pmx_102X_mc2017_realistic_v7-v1/NANOAODSIM
/DYJetsToLL_M-50_HT-600to800_TuneCP5_PSweights_13TeV-madgraphMLM-pythia8/RunIIAutumn18NanoAODv6-Nano25Oct2019_102X_upgrade2018_realistic_v20-v1/NANOAODSIM
/DYJetsToLL_M-50_HT-600to800_TuneCUETP8M1_13TeV-madgraphMLM-pythia8/RunIISummer16NanoAODv6-PUMoriond17_Nano25Oct2019_102X_mcRun2_asymptotic_v7-v1/NANOAODSIM
/DYJetsToLL_1J_TuneCP5_13TeV-amcatnloFXFX-pythia8/RunIIAutumn18NanoAODv6-Nano25Oct2019_102X_upgrade2018_realistic_v20-v1/NANOAODSIM
/DYJetsToLL_1J_TuneCP5_13TeV-amcatnloFXFX-pythia8/RunIIFall17NanoAODv6-PU2017_12Apr2018_Nano25Oct2019_102X_mc2017_realistic_v7-v1/NANOAODSIM
/QCD_Pt-470to600_MuEnrichedPt5_TuneCP5_13TeV_pythia8/RunIIAutumn18NanoAODv6-Nano25Oct2019_102X_upgrade2018_realistic_v20-v1/NANOAODSIM
/QCD_Pt-470to600_MuEnrichedPt5_TuneCP5_13TeV_pythia8/RunIIAutumn18NanoAODv6-Nano25Oct2019_102X_upgrade2018_realistic_v20_ext1-v1/NANOAODSIM
/QCD_Pt-470to600_MuEnrichedPt5_TuneCP5_13TeV_pythia8/RunIIFall17NanoAODv6-PU2017_12Apr2018_Nano25Oct2019_102X_mc2017_realistic_v7-v1/NANOAODSIM
/QCD_Pt-470to600_MuEnrichedPt5_TuneCUETP8M1_13TeV_pythia8/RunIISummer16NanoAODv6-PUMoriond17_Nano25Oct2019_102X_mcRun2_asymptotic_v7-v1/NANOAODSIM
/QCD_Pt-470to600_MuEnrichedPt5_TuneCUETP8M1_13TeV_pythia8/RunIISummer16NanoAODv6-PUMoriond17_Nano25Oct2019_102X_mcRun2_asymptotic_v7_ext1-v1/NANOAODSIM
/QCD_Pt-470to600_MuEnrichedPt5_TuneCUETP8M1_13TeV_pythia8/RunIISummer16NanoAODv6-PUMoriond17_Nano25Oct2019_102X_mcRun2_asymptotic_v7_ext2-v1/NANOAODSIM
/DiPhotonJetsBox_MGG-80toInf_13TeV-Sherpa/RunIIAutumn18NanoAODv6-Nano25Oct2019_102X_upgrade2018_realistic_v20-v1/NANOAODSIM
/DiPhotonJetsBox_MGG-80toInf_13TeV-Sherpa/RunIIFall17NanoAODv6-PU2017_12Apr2018_Nano25Oct2019_102X_mc2017_realistic_v7-v1/NANOAODSIM
/DiPhotonJetsBox_MGG-80toInf_13TeV-Sherpa/RunIISummer16NanoAODv6-PUMoriond17_Nano25Oct2019_102X_mcRun2_asymptotic_v7-v1/NANOAODSIM
/GJets_HT-100To200_TuneCP5_13TeV-madgraphMLM-pythia8/RunIIAutumn18NanoAODv6-Nano25Oct2019_4cores5k_102X_upgrade2018_realistic_v20-v1/NANOAODSIM
/GJets_HT-100To200_TuneCP5_13TeV-madgraphMLM-pythia8/RunIIFall17NanoAODv6-PU2017_12Apr2018_Nano25Oct2019_102X_mc2017_realistic_v7-v1/NANOAODSIM
/GJets_HT-100To200_TuneCP5_13TeV-madgraphMLM-pythia8/RunIIFall17NanoAODv6-PU2017_12Apr2018_Nano25Oct2019_new_pmx_102X_mc2017_realistic_v7-v1/NANOAODSIM
/GJets_HT-100To200_TuneCUETP8M1_13TeV-madgraphMLM-pythia8/RunIISummer16NanoAODv6-PUMoriond17_Nano25Oct2019_102X_mcRun2_asymptotic_v7-v1/NANOAODSIM
/GJets_HT-100To200_TuneCUETP8M1_13TeV-madgraphMLM-pythia8/RunIISummer16NanoAODv6-PUMoriond17_Nano25Oct2019_102X_mcRun2_asymptotic_v7_ext1-v1/NANOAODSIM
/QCD_Pt-120to170_EMEnriched_TuneCP5_13TeV_pythia8/RunIIAutumn18NanoAODv6-Nano25Oct2019_102X_upgrade2018_realistic_v20-v1/NANOAODSIM
/QCD_Pt-120to170_EMEnriched_TuneCP5_13TeV_pythia8/RunIIFall17NanoAODv6-PU2017_12Apr2018_Nano25Oct2019_102X_mc2017_realistic_v7-v1/NANOAODSIM
/QCD_Pt-120to170_EMEnriched_TuneCUETP8M1_13TeV_pythia8/RunIISummer16NanoAODv6-PUMoriond17_Nano25Oct2019_102X_mcRun2_asymptotic_v7-v1/NANOAODSIM
/QCD_Pt-120to170_EMEnriched_TuneCUETP8M1_13TeV_pythia8/RunIISummer16NanoAODv6-PUMoriond17_Nano25Oct2019_102X_mcRun2_asymptotic_v7_ext1-v1/NANOAODSIM
/QCD_Pt-300to470_MuEnrichedPt5_TuneCP5_13TeV_pythia8/RunIIAutumn18NanoAODv6-Nano25Oct2019_102X_upgrade2018_realistic_v20-v1/NANOAODSIM
/QCD_Pt-300to470_MuEnrichedPt5_TuneCP5_13TeV_pythia8/RunIIAutumn18NanoAODv6-Nano25Oct2019_102X_upgrade2018_realistic_v20_ext3-v1/NANOAODSIM
/QCD_Pt-300to470_MuEnrichedPt5_TuneCP5_13TeV_pythia8/RunIIFall17NanoAODv6-PU2017_12Apr2018_Nano25Oct2019_102X_mc2017_realistic_v7-v1/NANOAODSIM
/QCD_Pt-300to470_MuEnrichedPt5_TuneCUETP8M1_13TeV_pythia8/RunIISummer16NanoAODv6-PUMoriond17_Nano25Oct2019_102X_mcRun2_asymptotic_v7-v1/NANOAODSIM
/QCD_Pt-300to470_MuEnrichedPt5_TuneCUETP8M1_13TeV_pythia8/RunIISummer16NanoAODv6-PUMoriond17_Nano25Oct2019_102X_mcRun2_asymptotic_v7_ext1-v1/NANOAODSIM
/QCD_Pt-300to470_MuEnrichedPt5_TuneCUETP8M1_13TeV_pythia8/RunIISummer16NanoAODv6-PUMoriond17_Nano25Oct2019_102X_mcRun2_asymptotic_v7_ext2-v1/NANOAODSIM
/TTJets_TuneCP5_13TeV-amcatnloFXFX-pythia8/RunIIAutumn18NanoAODv6-Nano25Oct2019_102X_upgrade2018_realistic_v20_ext1-v1/NANOAODSIM
/TTJets_TuneCP5_13TeV-amcatnloFXFX-pythia8/RunIIAutumn18NanoAODv6-Nano25Oct2019_102X_upgrade2018_realistic_v20_ext2-v1/NANOAODSIM
/TTJets_TuneCP5_13TeV-amcatnloFXFX-pythia8/RunIIFall17NanoAODv6-PU2017_12Apr2018_Nano25Oct2019_new_pmx_102X_mc2017_realistic_v7-v1/NANOAODSIM
/TTJets_TuneCUETP8M2T4_13TeV-amcatnloFXFX-pythia8/RunIISummer16NanoAODv6-PUMoriond17_Nano25Oct2019_102X_mcRun2_asymptotic_v7-v1/NANOAODSIM
/TTJets_TuneCUETP8M2T4_13TeV-amcatnloFXFX-pythia8/RunIISummer16NanoAODv6-PUMoriond17_Nano25Oct2019_backup_102X_mcRun2_asymptotic_v7-v1/NANOAODSIM
#/WGToLNuG_01J_5f_PDFWeights_TuneCP5_13TeV-amcatnloFXFX-pythia8/RunIIFall17NanoAODv6-PU2017_12Apr2018_Nano25Oct2019_102X_mc2017_realistic_v7-v1/NANOAODSIM
#/WGToLNuG_01J_5f_PtG_290_TuneCP5_13TeV-amcatnloFXFX-pythia8/RunIIAutumn18NanoAODv6-Nano25Oct2019_102X_upgrade2018_realistic_v20-v1/NANOAODSIM
#/WGToLNuG_01J_5f_PtG_500_TuneCUETP8M1_13TeV-amcatnloFXFX-pythia8/RunIISummer16NanoAODv6-PUMoriond17_Nano25Oct2019_102X_mcRun2_asymptotic_v7-v1/NANOAODSIM
#/WGToLNuG_01J_5f_TuneCP5_13TeV-amcatnloFXFX-pythia8/RunIIAutumn18NanoAODv6-Nano25Oct2019_102X_upgrade2018_realistic_v20_ext1-v1/NANOAODSIM
#/WGToLNuG_01J_5f_TuneCP5_13TeV-amcatnloFXFX-pythia8/RunIIFall17NanoAODv6-PU2017_12Apr2018_Nano25Oct2019_102X_mc2017_realistic_v7-v1/NANOAODSIM
#/WGToLNuG_01J_5f_TuneCUETP8M1_13TeV-amcatnloFXFX-pythia8/RunIISummer16NanoAODv6-PUMoriond17_Nano25Oct2019_102X_mcRun2_asymptotic_v7-v1/NANOAODSIM
#/WGToLNuG_01J_5f_TuneCUETP8M1_13TeV-amcatnloFXFX-pythia8/RunIISummer16NanoAODv6-PUMoriond17_Nano25Oct2019_102X_mcRun2_asymptotic_v7_ext1-v1/NANOAODSIM
#/WGToLNuG_PtG-130_TuneCP5_13TeV-amcatnloFXFX-pythia8/RunIIAutumn18NanoAODv6-Nano25Oct2019_102X_upgrade2018_realistic_v20-v1/NANOAODSIM
#/WGToLNuG_PtG-130_TuneCP5_13TeV-amcatnloFXFX-pythia8/RunIIFall17NanoAODv6-PU2017_12Apr2018_Nano25Oct2019_102X_mc2017_realistic_v7-v1/NANOAODSIM
#/WGToLNuG_PtG-130_TuneCUETP8M1_13TeV-amcatnloFXFX-pythia8/RunIISummer16NanoAODv6-PUMoriond17_Nano25Oct2019_102X_mcRun2_asymptotic_v7-v1/NANOAODSIM
#/WGToLNuG_PtG-500_TuneCP5_13TeV-amcatnloFXFX-pythia8/RunIIAutumn18NanoAODv6-Nano25Oct2019_102X_upgrade2018_realistic_v20-v1/NANOAODSIM
#/WGToLNuG_PtG-500_TuneCP5_13TeV-amcatnloFXFX-pythia8/RunIIFall17NanoAODv6-PU2017_12Apr2018_Nano25Oct2019_102X_mc2017_realistic_v7-v1/NANOAODSIM
#/WGToLNuG_TuneCUETP8M1_13TeV-amcatnloFXFX-pythia8/RunIISummer16NanoAODv6-PUMoriond17_Nano25Oct2019_102X_mcRun2_asymptotic_v7_ext1-v1/NANOAODSIM
#/WGToLNuG_TuneCUETP8M1_13TeV-amcatnloFXFX-pythia8/RunIISummer16NanoAODv6-PUMoriond17_Nano25Oct2019_102X_mcRun2_asymptotic_v7_ext2-v1/NANOAODSIM
#/WGToLNuG_TuneCUETP8M1_13TeV-amcatnloFXFX-pythia8/RunIISummer16NanoAODv6-PUMoriond17_Nano25Oct2019_102X_mcRun2_asymptotic_v7_ext3-v1/NANOAODSIM
/WGToLNuG_TuneCP5_13TeV-madgraphMLM-pythia8/RunIIAutumn18NanoAODv6-Nano25Oct2019_102X_upgrade2018_realistic_v20-v1/NANOAODSIM
/WGToLNuG_TuneCP5_13TeV-madgraphMLM-pythia8/RunIIFall17NanoAODv6-PU2017_12Apr2018_Nano25Oct2019_102X_mc2017_realistic_v7-v1/NANOAODSIM
/WGToLNuG_TuneCUETP8M1_13TeV-madgraphMLM-pythia8/RunIISummer16NanoAODv6-PUMoriond17_Nano25Oct2019_102X_mcRun2_asymptotic_v7-v1/NANOAODSIM

#/EWK_LLJJ_MLL-50_MJJ-120_13TeV-madgraph-pythia8/RunIISummer16NanoAODv6-PUMoriond17_Nano25Oct2019_102X_mcRun2_asymptotic_v7-v1/NANOAODSIM
/QCD_Pt-170to300_EMEnriched_TuneCP5_13TeV_pythia8/RunIIAutumn18NanoAODv6-Nano25Oct2019_102X_upgrade2018_realistic_v20-v1/NANOAODSIM
/QCD_Pt-170to300_EMEnriched_TuneCP5_13TeV_pythia8/RunIIFall17NanoAODv6-PU2017_12Apr2018_Nano25Oct2019_102X_mc2017_realistic_v7-v1/NANOAODSIM
/QCD_Pt-170to300_EMEnriched_TuneCUETP8M1_13TeV_pythia8/RunIISummer16NanoAODv6-PUMoriond17_Nano25Oct2019_102X_mcRun2_asymptotic_v7-v1/NANOAODSIM
#/EWK_LLJJ_MLL-50_MJJ-120_13TeV-madgraph-herwigpp/RunIISummer16NanoAODv6-PUMoriond17_Nano25Oct2019_102X_mcRun2_asymptotic_v7-v1/NANOAODSIM
/DYJetsToLL_M-50_HT-200to400_TuneCP5_13TeV-madgraphMLM-pythia8/RunIIFall17NanoAODv6-PU2017_12Apr2018_Nano25Oct2019_102X_mc2017_realistic_v7-v1/NANOAODSIM
/DYJetsToLL_M-50_HT-200to400_TuneCP5_13TeV-madgraphMLM-pythia8/RunIIFall17NanoAODv6-PU2017_12Apr2018_Nano25Oct2019_102X_mc2017_realistic_v7_ext1-v1/NANOAODSIM
/DYJetsToLL_M-50_HT-200to400_TuneCP5_PSweights_13TeV-madgraphMLM-pythia8/RunIIAutumn18NanoAODv6-Nano25Oct2019_102X_upgrade2018_realistic_v20-v1/NANOAODSIM
/DYJetsToLL_M-50_HT-200to400_TuneCUETP8M1_13TeV-madgraphMLM-pythia8/RunIISummer16NanoAODv6-PUMoriond17_Nano25Oct2019_102X_mcRun2_asymptotic_v7-v1/NANOAODSIM
/DYJetsToLL_M-50_HT-200to400_TuneCUETP8M1_13TeV-madgraphMLM-pythia8/RunIISummer16NanoAODv6-PUMoriond17_Nano25Oct2019_102X_mcRun2_asymptotic_v7_ext1-v1/NANOAODSIM
/QCD_Pt-30to50_EMEnriched_TuneCP5_13TeV_pythia8/RunIIAutumn18NanoAODv6-Nano25Oct2019_102X_upgrade2018_realistic_v20_ext1-v1/NANOAODSIM
/QCD_Pt-30to50_EMEnriched_TuneCP5_13TeV_pythia8/RunIIFall17NanoAODv6-PU2017_12Apr2018_Nano25Oct2019_102X_mc2017_realistic_v7-v1/NANOAODSIM
/QCD_Pt-30to50_EMEnriched_TuneCUETP8M1_13TeV_pythia8/RunIISummer16NanoAODv6-PUMoriond17_Nano25Oct2019_102X_mcRun2_asymptotic_v7-v1/NANOAODSIM
/QCD_Pt-30to50_EMEnriched_TuneCUETP8M1_13TeV_pythia8/RunIISummer16NanoAODv6-PUMoriond17_Nano25Oct2019_102X_mcRun2_asymptotic_v7_ext1-v1/NANOAODSIM
/QCD_Pt-15to20_EMEnriched_TuneCP5_13TeV_pythia8/RunIIAutumn18NanoAODv6-Nano25Oct2019_102X_upgrade2018_realistic_v20_ext1-v1/NANOAODSIM
/QCD_Pt-15to20_EMEnriched_TuneCP5_13TeV_pythia8/RunIIFall17NanoAODv6-PU2017_12Apr2018_Nano25Oct2019_102X_mc2017_realistic_v7-v1/NANOAODSIM
/QCD_Pt-80to120_EMEnriched_TuneCP5_13TeV_pythia8/RunIIAutumn18NanoAODv6-Nano25Oct2019_102X_upgrade2018_realistic_v20-v1/NANOAODSIM
/QCD_Pt-80to120_EMEnriched_TuneCP5_13TeV_pythia8/RunIIFall17NanoAODv6-PU2017_12Apr2018_Nano25Oct2019_102X_mc2017_realistic_v7-v1/NANOAODSIM
/QCD_Pt-80to120_EMEnriched_TuneCUETP8M1_13TeV_pythia8/RunIISummer16NanoAODv6-PUMoriond17_Nano25Oct2019_102X_mcRun2_asymptotic_v7-v1/NANOAODSIM
/QCD_Pt-80to120_EMEnriched_TuneCUETP8M1_13TeV_pythia8/RunIISummer16NanoAODv6-PUMoriond17_Nano25Oct2019_102X_mcRun2_asymptotic_v7_ext1-v1/NANOAODSIM
/GJets_Pt-650ToInf_13TeV-sherpa/RunIISummer16NanoAODv6-PUMoriond17_Nano25Oct2019_102X_mcRun2_asymptotic_v7-v1/NANOAODSIM
/DYJetsToLL_M-50_HT-100to200_TuneCP5_13TeV-madgraphMLM-pythia8/RunIIFall17NanoAODv6-PU2017_12Apr2018_Nano25Oct2019_ext_102X_mc2017_realistic_v7_ext1-v1/NANOAODSIM
/DYJetsToLL_M-50_HT-100to200_TuneCP5_13TeV-madgraphMLM-pythia8/RunIIFall17NanoAODv6-PU2017_12Apr2018_Nano25Oct2019_new_pmx_102X_mc2017_realistic_v7-v1/NANOAODSIM
/DYJetsToLL_M-50_HT-100to200_TuneCP5_PSweights_13TeV-madgraphMLM-pythia8/RunIIAutumn18NanoAODv6-Nano25Oct2019_102X_upgrade2018_realistic_v20-v1/NANOAODSIM
/DYJetsToLL_M-50_HT-100to200_TuneCUETP8M1_13TeV-madgraphMLM-pythia8/RunIISummer16NanoAODv6-PUMoriond17_Nano25Oct2019_102X_mcRun2_asymptotic_v7-v1/NANOAODSIM
/DYJetsToLL_M-50_HT-100to200_TuneCUETP8M1_13TeV-madgraphMLM-pythia8/RunIISummer16NanoAODv6-PUMoriond17_Nano25Oct2019_102X_mcRun2_asymptotic_v7_ext1-v1/NANOAODSIM

#/EWK_LLJJ_MLL-50_MJJ-120_13TeV-madgraph-herwigpp/RunIISummer16NanoAODv6-PUMoriond17_Nano25Oct2019_102X_mcRun2_asymptotic_v7-v1/NANOAODSIM
/EWK_LLJJ_MLL-50_MJJ-120_13TeV-madgraph-pythia8/RunIISummer16NanoAODv6-PUMoriond17_Nano25Oct2019_102X_mcRun2_asymptotic_v7-v1/NANOAODSIM
#/EWK_LLJJ_MLL-50_MJJ-120_TuneCH3_13TeV-madgraph-herwig7/RunIIAutumn18NanoAODv6-Nano25Oct2019_102X_upgrade2018_realistic_v20-v1/NANOAODSIM
#/EWK_LLJJ_MLL-50_MJJ-120_TuneCH3_13TeV-madgraph-herwig7/RunIIFall17NanoAODv6-PU2017_12Apr2018_Nano25Oct2019_102X_mc2017_realistic_v7-v1/NANOAODSIM
/EWK_LLJJ_MLL-50_MJJ-120_TuneCH3_PSweights_13TeV-madgraph-herwig7/RunIIAutumn18NanoAODv6-Nano25Oct2019_102X_upgrade2018_realistic_v20-v1/NANOAODSIM
#/EWK_LLJJ_MLL-50_MJJ-120_TuneCH3_PSweights_13TeV-madgraph-herwig7/RunIIFall17NanoAODv6-PU2017_12Apr2018_Nano25Oct2019_102X_mc2017_realistic_v7-v1/NANOAODSIM
/EWK_LLJJ_MLL-50_MJJ-120_TuneCH3_PSweights_13TeV-madgraph-herwig7_corrected/RunIIFall17NanoAODv6-PU2017_12Apr2018_Nano25Oct2019_102X_mc2017_realistic_v7-v1/NANOAODSIM
/EWK_LLJJ_MLL-50_MJJ-120_TuneCP5_13TeV-madgraph-pythia8/RunIIAutumn18NanoAODv6-Nano25Oct2019_102X_upgrade2018_realistic_v20-v1/NANOAODSIM
#/EWK_LLJJ_MLL-50_MJJ-120_TuneCP5_13TeV-madgraph-pythia8/RunIIFall17NanoAODv6-PU2017_12Apr2018_Nano25Oct2019_102X_mc2017_realistic_v7-v1/NANOAODSIM
/EWK_LLJJ_MLL-50_MJJ-120_TuneCP5_PSweights_13TeV-madgraph-pythia8/RunIIFall17NanoAODv6-PU2017_12Apr2018_Nano25Oct2019_102X_mc2017_realistic_v7-v1/NANOAODSIM
/EWK_LLJJ_MLL-50_MJJ-120_TuneEEC5_13TeV-madgraph-herwigpp_corrected/RunIISummer16NanoAODv6-PUMoriond17_Nano25Oct2019_102X_mcRun2_asymptotic_v7-v1/NANOAODSIM
#/EWK_LLJJ_MLL-50_MJJ-120_pTJ-0_TuneCH3_PSweights_13TeV-madgraph-herwig7/RunIIAutumn18NanoAODv6-Nano25Oct2019_102X_upgrade2018_realistic_v20-v1/NANOAODSIM
#/EWK_LLJJ_MLL-50_MJJ-120_pTj-0_TuneCH3_PSweights_13TeV-madgraph-herwig7/RunIIFall17NanoAODv6-PU2017_12Apr2018_Nano25Oct2019_102X_mc2017_realistic_v7-v1/NANOAODSIM
#/EWK_LLJJ_MLL-50_MJJ-120_pTj-0_TuneEEC5_13TeV-madgraph-herwigpp/RunIISummer16NanoAODv6-Nano25Oct2019_102X_mcRun2_asymptotic_v7-v1/NANOAODSIM
#/EWK_LLJJ_MLL_105-160_SM_5f_LO_TuneCH3_13TeV-madgraph-herwig7/RunIIAutumn18NanoAODv6-Nano25Oct2019_102X_upgrade2018_realistic_v20-v1/NANOAODSIM
#/EWK_LLJJ_MLL_105-160_SM_5f_LO_TuneCH3_13TeV-madgraph-herwig7/RunIIFall17NanoAODv6-PU2017_12Apr2018_Nano25Oct2019_102X_mc2017_realistic_v7-v1/NANOAODSIM
/EWK_LLJJ_MLL_105-160_SM_5f_LO_TuneCH3_13TeV-madgraph-herwig7_corrected/RunIIAutumn18NanoAODv6-Nano25Oct2019_102X_upgrade2018_realistic_v20-v1/NANOAODSIM
/EWK_LLJJ_MLL_105-160_SM_5f_LO_TuneCH3_13TeV-madgraph-herwig7_corrected/RunIIFall17NanoAODv6-PU2017_12Apr2018_Nano25Oct2019_102X_mc2017_realistic_v7-v1/NANOAODSIM
/EWK_LLJJ_MLL_105-160_SM_5f_LO_TuneCP5_PSweights_13TeV-madgraph-pythia8/RunIIAutumn18NanoAODv6-Nano25Oct2019_102X_upgrade2018_realistic_v20-v1/NANOAODSIM
/EWK_LLJJ_MLL_105-160_SM_5f_LO_TuneCP5_PSweights_13TeV-madgraph-pythia8/RunIIFall17NanoAODv6-PU2017_12Apr2018_Nano25Oct2019_102X_mc2017_realistic_v7-v1/NANOAODSIM
/EWK_LLJJ_MLL_105-160_SM_5f_LO_TuneCUETP8M1_PSweights_13TeV-madgraph-pythia8/RunIISummer16NanoAODv6-PUMoriond17_Nano25Oct2019_102X_mcRun2_asymptotic_v7-v1/NANOAODSIM
#/EWK_LLJJ_MLL_105-160_SM_5f_LO_TuneEEC5_13TeV-madgraph-herwigpp/RunIISummer16NanoAODv6-PUMoriond17_Nano25Oct2019_102X_mcRun2_asymptotic_v7-v1/NANOAODSIM
/EWK_LLJJ_MLL_105-160_SM_5f_LO_TuneEEC5_13TeV-madgraph-herwigpp_corrected/RunIISummer16NanoAODv6-PUMoriond17_Nano25Oct2019_102X_mcRun2_asymptotic_v7-v1/NANOAODSIM
#/EWK_LLJJ_MLL_105-160_pTJ-0_SM_5f_LO_TuneCH3_13TeV-madgraph-herwig7/RunIIAutumn18NanoAODv6-Nano25Oct2019_102X_upgrade2018_realistic_v20-v1/NANOAODSIM
#/EWK_LLJJ_MLL_105-160_pTJ-0_SM_5f_LO_TuneCH3_13TeV-madgraph-herwig7/RunIIFall17NanoAODv6-PU2017_12Apr2018_Nano25Oct2019_102X_mc2017_realistic_v7-v1/NANOAODSIM
#/EWK_LLJJ_MLL_105-160_ptJ-0_SM_5f_LO_TuneEEC5_13TeV-madgraph-herwigpp/RunIISummer16NanoAODv6-Nano25Oct2019_102X_mcRun2_asymptotic_v7-v1/NANOAODSIM
#/LLJJ_EWK_5f_LO_13TeV_madgraph-pythia8_TuneCUETP8M1/RunIISummer16NanoAODv6-PUMoriond17_Nano25Oct2019_102X_mcRun2_asymptotic_v7-v1/NANOAODSIM
#/LLJJ_INT_SM_5f_LO_13TeV_madgraph-pythia8_TuneCUETP8M1/RunIISummer16NanoAODv6-PUMoriond17_Nano25Oct2019_102X_mcRun2_asymptotic_v7_ext1-v1/NANOAODSIM
/LLJJ_INT_SM_5f_LO_TuneCP5_PSweights_13TeV_madgraph-pythia8/RunIIAutumn18NanoAODv6-Nano25Oct2019_102X_upgrade2018_realistic_v20-v1/NANOAODSIM
/LLJJ_INT_SM_5f_LO_TuneCP5_PSweights_13TeV_madgraph-pythia8/RunIIFall17NanoAODv6-PU2017_12Apr2018_Nano25Oct2019_102X_mc2017_realistic_v7-v2/NANOAODSIM
/LLJJ_INT_SM_5f_LO_TuneCP5_PSweights_13TeV_madgraph-pythia8/RunIISummer16NanoAODv6-PUMoriond17_Nano25Oct2019_102X_mcRun2_asymptotic_v7-v1/NANOAODSIM

/DYToLL_0J_13TeV-amcatnloFXFX-pythia8/RunIISummer16NanoAODv6-PUMoriond17_Nano25Oct2019_102X_mcRun2_asymptotic_v7_ext1-v1/NANOAODSIM
/DYToLL_0J_13TeV-amcatnloFXFX-pythia8/RunIISummer16NanoAODv6-PUMoriond17_Nano25Oct2019_backup_102X_mcRun2_asymptotic_v7-v1/NANOAODSIM
/DYToLL_1J_13TeV-amcatnloFXFX-pythia8/RunIISummer16NanoAODv6-PUMoriond17_Nano25Oct2019_102X_mcRun2_asymptotic_v7_ext1-v1/NANOAODSIM
/DYToLL_1J_13TeV-amcatnloFXFX-pythia8/RunIISummer16NanoAODv6-PUMoriond17_Nano25Oct2019_backup_102X_mcRun2_asymptotic_v7-v1/NANOAODSIM
/DYToLL_2J_13TeV-amcatnloFXFX-pythia8/RunIISummer16NanoAODv6-PUMoriond17_Nano25Oct2019_102X_mcRun2_asymptotic_v7-v1/NANOAODSIM
/DYToLL_2J_13TeV-amcatnloFXFX-pythia8/RunIISummer16NanoAODv6-PUMoriond17_Nano25Oct2019_102X_mcRun2_asymptotic_v7_ext1-v1/NANOAODSIM


/TTGJets_TuneCP5_13TeV-amcatnloFXFX-madspin-pythia8/RunIIAutumn18NanoAODv6-Nano25Oct2019_102X_upgrade2018_realistic_v20-v1/NANOAODSIM
/TTGJets_TuneCP5_13TeV-amcatnloFXFX-madspin-pythia8/RunIIFall17NanoAODv6-PU2017_12Apr2018_Nano25Oct2019_102X_mc2017_realistic_v7_ext1-v1/NANOAODSIM
/TTGJets_TuneCP5_13TeV-amcatnloFXFX-madspin-pythia8/RunIIFall17NanoAODv6-PU2017_12Apr2018_Nano25Oct2019_ext_102X_mc2017_realistic_v7_ext1-v1/NANOAODSIM
/TTGJets_TuneCP5_13TeV-amcatnloFXFX-madspin-pythia8/RunIIFall17NanoAODv6-PU2017_12Apr2018_Nano25Oct2019_new_pmx_102X_mc2017_realistic_v7-v1/NANOAODSIM
/TTGJets_TuneCUETP8M1_13TeV-amcatnloFXFX-madspin-pythia8/RunIISummer16NanoAODv6-PUMoriond17_Nano25Oct2019_102X_mcRun2_asymptotic_v7-v1/NANOAODSIM
/TTGJets_TuneCUETP8M1_13TeV-amcatnloFXFX-madspin-pythia8/RunIISummer16NanoAODv6-PUMoriond17_Nano25Oct2019_102X_mcRun2_asymptotic_v7_ext1-v1/NANOAODSIM

/WToLNu_0J_13TeV-amcatnloFXFX-pythia8/RunIISummer16NanoAODv6-PUMoriond17_Nano25Oct2019_102X_mcRun2_asymptotic_v7_ext1-v1/NANOAODSIM
/WToLNu_0J_13TeV-amcatnloFXFX-pythia8/RunIISummer16NanoAODv6-PUMoriond17_Nano25Oct2019_backup_102X_mcRun2_asymptotic_v7-v1/NANOAODSIM
/WToLNu_1J_13TeV-amcatnloFXFX-pythia8/RunIISummer16NanoAODv6-PUMoriond17_Nano25Oct2019_backup_102X_mcRun2_asymptotic_v7-v1/NANOAODSIM
/WToLNu_2J_13TeV-amcatnloFXFX-pythia8/RunIISummer16NanoAODv6-PUMoriond17_Nano25Oct2019_102X_mcRun2_asymptotic_v7_ext1-v1/NANOAODSIM
/WToLNu_2J_13TeV-amcatnloFXFX-pythia8/RunIISummer16NanoAODv6-PUMoriond17_Nano25Oct2019_102X_mcRun2_asymptotic_v7_ext4-v1/NANOAODSIM
/WJetsToLNu_0J_TuneCP5_13TeV-amcatnloFXFX-pythia8/RunIIAutumn18NanoAODv6-Nano25Oct2019_102X_upgrade2018_realistic_v20-v1/NANOAODSIM
/WJetsToLNu_0J_TuneCP5_13TeV-amcatnloFXFX-pythia8/RunIIFall17NanoAODv6-PU2017_12Apr2018_Nano25Oct2019_102X_mc2017_realistic_v7-v1/NANOAODSIM
/WJetsToLNu_1J_TuneCP5_13TeV-amcatnloFXFX-pythia8/RunIIAutumn18NanoAODv6-Nano25Oct2019_102X_upgrade2018_realistic_v20-v1/NANOAODSIM
/WJetsToLNu_1J_TuneCP5_13TeV-amcatnloFXFX-pythia8/RunIIFall17NanoAODv6-PU2017_12Apr2018_Nano25Oct2019_102X_mc2017_realistic_v7-v1/NANOAODSIM
/WJetsToLNu_1J_TuneCP5_13TeV-amcatnloFXFX-pythia8/RunIIFall17NanoAODv6-PU2017_12Apr2018_Nano25Oct2019_102X_mc2017_realistic_v7_ext1-v1/NANOAODSIM
/WJetsToLNu_2J_TuneCP5_13TeV-amcatnloFXFX-pythia8/RunIIAutumn18NanoAODv6-Nano25Oct2019_102X_upgrade2018_realistic_v20-v1/NANOAODSIM
/WJetsToLNu_2J_TuneCP5_13TeV-amcatnloFXFX-pythia8/RunIIFall17NanoAODv6-PU2017_12Apr2018_Nano25Oct2019_102X_mc2017_realistic_v7-v1/NANOAODSIM
/WJetsToLNu_2J_TuneCP5_13TeV-amcatnloFXFX-pythia8/RunIIFall17NanoAODv6-PU2017_12Apr2018_Nano25Oct2019_102X_mc2017_realistic_v7_ext1-v1/NANOAODSIM

/WJetsToLNu_Pt-100To250_TuneCP5_13TeV-amcatnloFXFX-pythia8/RunIIAutumn18NanoAODv6-Nano25Oct2019_102X_upgrade2018_realistic_v20-v1/NANOAODSIM
/WJetsToLNu_Pt-100To250_TuneCP5_13TeV-amcatnloFXFX-pythia8/RunIIFall17NanoAODv6-PU2017_12Apr2018_Nano25Oct2019_102X_mc2017_realistic_v7-v1/NANOAODSIM
/WJetsToLNu_Pt-100To250_TuneCUETP8M1_13TeV-amcatnloFXFX-pythia8/RunIISummer16NanoAODv6-PUMoriond17_Nano25Oct2019_102X_mcRun2_asymptotic_v7-v1/NANOAODSIM
/WJetsToLNu_Pt-100To250_TuneCUETP8M1_13TeV-amcatnloFXFX-pythia8/RunIISummer16NanoAODv6-PUMoriond17_Nano25Oct2019_102X_mcRun2_asymptotic_v7_ext1-v1/NANOAODSIM
/WJetsToLNu_Pt-100To250_TuneCUETP8M1_13TeV-amcatnloFXFX-pythia8/RunIISummer16NanoAODv6-PUMoriond17_Nano25Oct2019_102X_mcRun2_asymptotic_v7_ext4-v1/NANOAODSIM
/WJetsToLNu_Pt-250To400_TuneCP5_13TeV-amcatnloFXFX-pythia8/RunIIAutumn18NanoAODv6-Nano25Oct2019_102X_upgrade2018_realistic_v20-v1/NANOAODSIM
/WJetsToLNu_Pt-250To400_TuneCP5_13TeV-amcatnloFXFX-pythia8/RunIIFall17NanoAODv6-PU2017_12Apr2018_Nano25Oct2019_102X_mc2017_realistic_v7-v1/NANOAODSIM
/WJetsToLNu_Pt-250To400_TuneCUETP8M1_13TeV-amcatnloFXFX-pythia8/RunIISummer16NanoAODv6-PUMoriond17_Nano25Oct2019_102X_mcRun2_asymptotic_v7-v1/NANOAODSIM
/WJetsToLNu_Pt-250To400_TuneCUETP8M1_13TeV-amcatnloFXFX-pythia8/RunIISummer16NanoAODv6-PUMoriond17_Nano25Oct2019_102X_mcRun2_asymptotic_v7_ext1-v1/NANOAODSIM
/WJetsToLNu_Pt-250To400_TuneCUETP8M1_13TeV-amcatnloFXFX-pythia8/RunIISummer16NanoAODv6-PUMoriond17_Nano25Oct2019_102X_mcRun2_asymptotic_v7_ext4-v1/NANOAODSIM
/WJetsToLNu_Pt-400To600_TuneCP5_13TeV-amcatnloFXFX-pythia8/RunIIAutumn18NanoAODv6-Nano25Oct2019_102X_upgrade2018_realistic_v20-v1/NANOAODSIM
/WJetsToLNu_Pt-400To600_TuneCP5_13TeV-amcatnloFXFX-pythia8/RunIIFall17NanoAODv6-PU2017_12Apr2018_Nano25Oct2019_102X_mc2017_realistic_v7-v1/NANOAODSIM
/WJetsToLNu_Pt-400To600_TuneCUETP8M1_13TeV-amcatnloFXFX-pythia8/RunIISummer16NanoAODv6-PUMoriond17_Nano25Oct2019_102X_mcRun2_asymptotic_v7-v1/NANOAODSIM
/WJetsToLNu_Pt-400To600_TuneCUETP8M1_13TeV-amcatnloFXFX-pythia8/RunIISummer16NanoAODv6-PUMoriond17_Nano25Oct2019_102X_mcRun2_asymptotic_v7_ext1-v1/NANOAODSIM
/WJetsToLNu_Pt-50To100_TuneCP5_13TeV-amcatnloFXFX-pythia8/RunIIAutumn18NanoAODv6-Nano25Oct2019_102X_upgrade2018_realistic_v20-v1/NANOAODSIM
/WJetsToLNu_Pt-50To100_TuneCP5_13TeV-amcatnloFXFX-pythia8/RunIIFall17NanoAODv6-PU2017_12Apr2018_Nano25Oct2019_102X_mc2017_realistic_v7-v1/NANOAODSIM
/WJetsToLNu_Pt-600ToInf_TuneCP5_13TeV-amcatnloFXFX-pythia8/RunIIAutumn18NanoAODv6-Nano25Oct2019_102X_upgrade2018_realistic_v20-v1/NANOAODSIM
/WJetsToLNu_Pt-600ToInf_TuneCP5_13TeV-amcatnloFXFX-pythia8/RunIIFall17NanoAODv6-PU2017_12Apr2018_Nano25Oct2019_102X_mc2017_realistic_v7-v1/NANOAODSIM
/WJetsToLNu_Pt-600ToInf_TuneCUETP8M1_13TeV-amcatnloFXFX-pythia8/RunIISummer16NanoAODv6-PUMoriond17_Nano25Oct2019_102X_mcRun2_asymptotic_v7-v1/NANOAODSIM
/WJetsToLNu_Pt-600ToInf_TuneCUETP8M1_13TeV-amcatnloFXFX-pythia8/RunIISummer16NanoAODv6-PUMoriond17_Nano25Oct2019_102X_mcRun2_asymptotic_v7_ext1-v1/NANOAODSIM
/WJetsToLNu_Pt-100To250_TuneCUETP8M1_13TeV-amcatnloFXFX-pythia8/RunIISummer16NanoAODv6-PUMoriond17_Nano25Oct2019_102X_mcRun2_asymptotic_v7-v1/NANOAODSIM
/WJetsToLNu_Pt-100To250_TuneCUETP8M1_13TeV-amcatnloFXFX-pythia8/RunIISummer16NanoAODv6-PUMoriond17_Nano25Oct2019_102X_mcRun2_asymptotic_v7_ext1-v1/NANOAODSIM
/WJetsToLNu_Pt-100To250_TuneCUETP8M1_13TeV-amcatnloFXFX-pythia8/RunIISummer16NanoAODv6-PUMoriond17_Nano25Oct2019_102X_mcRun2_asymptotic_v7_ext4-v1/NANOAODSIM
/WJetsToLNu_Pt-250To400_TuneCUETP8M1_13TeV-amcatnloFXFX-pythia8/RunIISummer16NanoAODv6-PUMoriond17_Nano25Oct2019_102X_mcRun2_asymptotic_v7-v1/NANOAODSIM
/WJetsToLNu_Pt-250To400_TuneCUETP8M1_13TeV-amcatnloFXFX-pythia8/RunIISummer16NanoAODv6-PUMoriond17_Nano25Oct2019_102X_mcRun2_asymptotic_v7_ext1-v1/NANOAODSIM
/WJetsToLNu_Pt-250To400_TuneCUETP8M1_13TeV-amcatnloFXFX-pythia8/RunIISummer16NanoAODv6-PUMoriond17_Nano25Oct2019_102X_mcRun2_asymptotic_v7_ext4-v1/NANOAODSIM
/WJetsToLNu_Pt-400To600_TuneCUETP8M1_13TeV-amcatnloFXFX-pythia8/RunIISummer16NanoAODv6-PUMoriond17_Nano25Oct2019_102X_mcRun2_asymptotic_v7-v1/NANOAODSIM
/WJetsToLNu_Pt-400To600_TuneCUETP8M1_13TeV-amcatnloFXFX-pythia8/RunIISummer16NanoAODv6-PUMoriond17_Nano25Oct2019_102X_mcRun2_asymptotic_v7_ext1-v1/NANOAODSIM
/WJetsToLNu_Pt-600ToInf_TuneCUETP8M1_13TeV-amcatnloFXFX-pythia8/RunIISummer16NanoAODv6-PUMoriond17_Nano25Oct2019_102X_mcRun2_asymptotic_v7-v1/NANOAODSIM
/WJetsToLNu_Pt-600ToInf_TuneCUETP8M1_13TeV-amcatnloFXFX-pythia8/RunIISummer16NanoAODv6-PUMoriond17_Nano25Oct2019_102X_mcRun2_asymptotic_v7_ext1-v1/NANOAODSIM


/WJetsToQQ_HT-800toInf_qc19_3j_TuneCP5_13TeV-madgraphMLM-pythia8/RunIIAutumn18NanoAODv6-Nano25Oct2019_102X_upgrade2018_realistic_v20-v1/NANOAODSIM
/WJetsToQQ_HT-800toInf_qc19_3j_TuneCP5_13TeV-madgraphMLM-pythia8/RunIIFall17NanoAODv6-PU2017_12Apr2018_Nano25Oct2019_102X_mc2017_realistic_v7-v1/NANOAODSIM
/WJetsToQQ_HT-800toInf_qc19_3j_TuneCUETP8M1_13TeV-madgraphMLM-pythia8/RunIISummer16NanoAODv6-PUMoriond17_Nano25Oct2019_102X_mcRun2_asymptotic_v7-v1/NANOAODSIM
/WJetsToQQ_HT400to600_qc19_3j_TuneCP5_13TeV-madgraphMLM-pythia8/RunIIAutumn18NanoAODv6-Nano25Oct2019_102X_upgrade2018_realistic_v20-v1/NANOAODSIM
/WJetsToQQ_HT400to600_qc19_3j_TuneCP5_13TeV-madgraphMLM-pythia8/RunIIFall17NanoAODv6-PU2017_12Apr2018_Nano25Oct2019_102X_mc2017_realistic_v7-v1/NANOAODSIM
/WJetsToQQ_HT400to600_qc19_3j_TuneCUETP8M1_13TeV-madgraphMLM-pythia8/RunIISummer16NanoAODv6-PUMoriond17_Nano25Oct2019_102X_mcRun2_asymptotic_v7-v1/NANOAODSIM
/WJetsToQQ_HT600to800_qc19_3j_TuneCP5_13TeV-madgraphMLM-pythia8/RunIIAutumn18NanoAODv6-Nano25Oct2019_102X_upgrade2018_realistic_v20-v1/NANOAODSIM
/WJetsToQQ_HT600to800_qc19_3j_TuneCP5_13TeV-madgraphMLM-pythia8/RunIIFall17NanoAODv6-PU2017_12Apr2018_Nano25Oct2019_102X_mc2017_realistic_v7-v1/NANOAODSIM
/WJetsToQQ_HT600to800_qc19_3j_TuneCUETP8M1_13TeV-madgraphMLM-pythia8/RunIISummer16NanoAODv6-PUMoriond17_Nano25Oct2019_102X_mcRun2_asymptotic_v7-v1/NANOAODSIM

/ZGTo2LG_PtG-130_TuneCP5_13TeV-amcatnloFXFX-pythia8/RunIIAutumn18NanoAODv6-Nano25Oct2019_102X_upgrade2018_realistic_v20-v1/NANOAODSIM
/ZGTo2LG_PtG-130_TuneCP5_13TeV-amcatnloFXFX-pythia8/RunIIFall17NanoAODv6-PU2017_12Apr2018_Nano25Oct2019_102X_mc2017_realistic_v7-v1/NANOAODSIM
/ZGTo2LG_PtG-130_TuneCUETP8M1_13TeV-amcatnloFXFX-pythia8/RunIISummer16NanoAODv6-PUMoriond17_Nano25Oct2019_102X_mcRun2_asymptotic_v7-v1/NANOAODSIM


/GJets_SM_5f_TuneCP5_EWK_13TeV-madgraph-pythia8/RunIIAutumn18NanoAODv6-Nano25Oct2019_102X_upgrade2018_realistic_v20-v1/NANOAODSIM
/GJets_SM_5f_TuneCP5_EWK_13TeV-madgraph-pythia8/RunIIFall17NanoAODv6-PU2017_12Apr2018_Nano25Oct2019_102X_mc2017_realistic_v7_ext1-v1/NANOAODSIM
/GJets_SM_5f_TuneCUETP8M1_EWK_13TeV-madgraph-pythia8/RunIISummer16NanoAODv6-Nano25Oct2019_102X_mcRun2_asymptotic_v7-v1/NANOAODSIM
/GJets_SM_5f_TuneCP5_INTERFERENCE_13TeV-madgraph-pythia8/RunIIAutumn18NanoAODv6-Nano25Oct2019_102X_upgrade2018_realistic_v20-v1/NANOAODSIM
/GJets_SM_5f_TuneCUETP8M1_INTERFERENCE_13TeV-madgraph-pythia8/RunIISummer16NanoAODv6-Nano25Oct2019_102X_mcRun2_asymptotic_v7-v1/NANOAODSIM

/GJets_SM_5f_TuneCH3_EWK_13TeV-madgraph-herwig7/RunIIAutumn18NanoAODv6-Nano25Oct2019_102X_upgrade2018_realistic_v20-v1/NANOAODSIM
/GJets_SM_5f_TuneEE5C_EWK_13TeV-madgraph-herwigpp/RunIIFall17NanoAODv6-PU2017_12Apr2018_Nano25Oct2019_102X_mc2017_realistic_v7-v1/NANOAODSIM
/GJets_SM_5f_TuneEE5C_EWK_13TeV-madgraph-herwigpp/RunIISummer16NanoAODv6-Nano25Oct2019_102X_mcRun2_asymptotic_v7-v1/NANOAODSIM
