/EGamma/Run2018D-02Apr2020-v1/NANOAOD
/SinglePhoton/Run2017E-02Apr2020-v1/NANOAOD
/GJets_Mjj-500_SM_5f_TuneCP5_INTERFERENCE_13TeV-madgraph-pythia8/RunIIAutumn18NanoAODv7-Nano02Apr2020_102X_upgrade2018_realistic_v21-v1/NANOAODSIM
/WJetsToQQ_HT600to800_qc19_3j_TuneCUETP8M1_13TeV-madgraphMLM-pythia8/RunIISummer16NanoAODv7-PUMoriond17_Nano02Apr2020_102X_mcRun2_asymptotic_v8-v1/NANOAODSIM
/DoubleMuon/Run2016B-02Apr2020-v1/NANOAOD
/GJets_SM_5f_TuneCUETP8M1_INTERFERENCE_13TeV-madgraph-pythia8/RunIISummer16NanoAODv7-Nano02Apr2020_102X_mcRun2_asymptotic_v8-v1/NANOAODSIM
/DYToLL_2J_13TeV-amcatnloFXFX-pythia8/RunIISummer16NanoAODv7-PUMoriond17_Nano02Apr2020_102X_mcRun2_asymptotic_v8-v1/NANOAODSIM
#/TTJets_TuneCUETP8M2T4_13TeV-amcatnloFXFX-pythia8/RunIISummer16NanoAODv7-PUMoriond17_Nano02Apr2020_backup_102X_mcRun2_asymptotic_v8-v1/NANOAODSIM
/QCD_Pt-15to20_EMEnriched_TuneCP5_13TeV_pythia8/RunIIAutumn18NanoAODv7-Nano02Apr2020_102X_upgrade2018_realistic_v21_ext1-v1/NANOAODSIM
/DYJetsToLL_M-50_HT-400to600_TuneCUETP8M1_13TeV-madgraphMLM-pythia8/RunIISummer16NanoAODv7-PUMoriond17_Nano02Apr2020_102X_mcRun2_asymptotic_v8_ext1-v1/NANOAODSIM
/DYJetsToLL_M-50_HT-100to200_TuneCUETP8M1_13TeV-madgraphMLM-pythia8/RunIISummer16NanoAODv7-PUMoriond17_Nano02Apr2020_102X_mcRun2_asymptotic_v8-v1/NANOAODSIM
/DYJetsToLL_M-50_HT-200to400_TuneCP5_13TeV-madgraphMLM-pythia8/RunIIFall17NanoAODv7-PU2017_12Apr2018_Nano02Apr2020_102X_mc2017_realistic_v8-v1/NANOAODSIM
/DYJetsToLL_M-50_HT-2500toInf_TuneCP5_13TeV-madgraphMLM-pythia8/RunIIFall17NanoAODv7-PU2017_12Apr2018_Nano02Apr2020_new_pmx_102X_mc2017_realistic_v8-v1/NANOAODSIM
/DYJetsToLL_M-50_HT-70to100_TuneCP5_13TeV-madgraphMLM-pythia8/RunIIFall17NanoAODv7-PU2017_12Apr2018_Nano02Apr2020_102X_mc2017_realistic_v8-v1/NANOAODSIM
/DYJetsToLL_M-50_HT-600to800_TuneCP5_13TeV-madgraphMLM-pythia8/RunIIFall17NanoAODv7-PU2017_12Apr2018_Nano02Apr2020_new_pmx_102X_mc2017_realistic_v8-v1/NANOAODSIM
/DYJetsToLL_M-50_HT-800to1200_TuneCUETP8M1_13TeV-madgraphMLM-pythia8/RunIISummer16NanoAODv7-PUMoriond17_Nano02Apr2020_102X_mcRun2_asymptotic_v8-v1/NANOAODSIM
/DYJetsToLL_M-50_HT-800to1200_TuneCP5_PSweights_13TeV-madgraphMLM-pythia8/RunIIAutumn18NanoAODv7-Nano02Apr2020_102X_upgrade2018_realistic_v21-v1/NANOAODSIM
/DYJetsToLL_M-50_HT-2500toInf_TuneCP5_PSweights_13TeV-madgraphMLM-pythia8/RunIIAutumn18NanoAODv7-Nano02Apr2020_102X_upgrade2018_realistic_v21-v1/NANOAODSIM
/DYJetsToLL_M-50_HT-1200to2500_TuneCP5_PSweights_13TeV-madgraphMLM-pythia8/RunIIAutumn18NanoAODv7-Nano02Apr2020_102X_upgrade2018_realistic_v21-v1/NANOAODSIM
/DYJetsToLL_M-50_HT-1200to2500_TuneCP5_13TeV-madgraphMLM-pythia8/RunIIFall17NanoAODv7-PU2017_12Apr2018_Nano02Apr2020_102X_mc2017_realistic_v8-v1/NANOAODSIM
/DYJetsToLL_M-50_HT-100to200_TuneCP5_PSweights_13TeV-madgraphMLM-pythia8/RunIIAutumn18NanoAODv7-Nano02Apr2020_102X_upgrade2018_realistic_v21-v1/NANOAODSIM
/DYJetsToLL_M-50_HT-70to100_TuneCUETP8M1_13TeV-madgraphMLM-pythia8/RunIISummer16NanoAODv7-PUMoriond17_Nano02Apr2020_102X_mcRun2_asymptotic_v8-v1/NANOAODSIM
/DYJetsToLL_M-50_HT-600to800_TuneCUETP8M1_13TeV-madgraphMLM-pythia8/RunIISummer16NanoAODv7-PUMoriond17_Nano02Apr2020_102X_mcRun2_asymptotic_v8-v1/NANOAODSIM
/DYJetsToLL_M-50_HT-400to600_TuneCP5_PSweights_13TeV-madgraphMLM-pythia8/RunIIAutumn18NanoAODv7-Nano02Apr2020_102X_upgrade2018_realistic_v21_ext2-v1/NANOAODSIM
/DYJetsToLL_M-50_HT-1200to2500_TuneCUETP8M1_13TeV-madgraphMLM-pythia8/RunIISummer16NanoAODv7-PUMoriond17_Nano02Apr2020_102X_mcRun2_asymptotic_v8-v1/NANOAODSIM
/DYJetsToLL_M-50_HT-400to600_TuneCUETP8M1_13TeV-madgraphMLM-pythia8/RunIISummer16NanoAODv7-PUMoriond17_Nano02Apr2020_102X_mcRun2_asymptotic_v8-v1/NANOAODSIM
/DYJetsToLL_M-50_HT-600to800_TuneCP5_PSweights_13TeV-madgraphMLM-pythia8/RunIIAutumn18NanoAODv7-Nano02Apr2020_102X_upgrade2018_realistic_v21-v1/NANOAODSIM
/DYJetsToLL_M-50_HT-100to200_TuneCP5_13TeV-madgraphMLM-pythia8/RunIIFall17NanoAODv7-PU2017_12Apr2018_Nano02Apr2020_new_pmx_102X_mc2017_realistic_v8-v1/NANOAODSIM
/DYJetsToLL_M-50_HT-400to600_TuneCP5_13TeV-madgraphMLM-pythia8/RunIIFall17NanoAODv7-PU2017_12Apr2018_Nano02Apr2020_new_pmx_102X_mc2017_realistic_v8-v1/NANOAODSIM
/DYJetsToLL_M-50_HT-200to400_TuneCP5_PSweights_13TeV-madgraphMLM-pythia8/RunIIAutumn18NanoAODv7-Nano02Apr2020_102X_upgrade2018_realistic_v21-v1/NANOAODSIM
/DYJetsToLL_M-50_HT-200to400_TuneCP5_PSweights_13TeV-madgraphMLM-pythia8/RunIIAutumn18NanoAODv7-Nano02Apr2020_102X_upgrade2018_realistic_v21-v1/NANOAODSIM
/DYJetsToLL_M-50_HT-2500toInf_TuneCUETP8M1_13TeV-madgraphMLM-pythia8/RunIISummer16NanoAODv7-PUMoriond17_Nano02Apr2020_102X_mcRun2_asymptotic_v8-v1/NANOAODSIM
/DYJetsToLL_M-50_HT-800to1200_TuneCP5_13TeV-madgraphMLM-pythia8/RunIIFall17NanoAODv7-PU2017_12Apr2018_Nano02Apr2020_new_pmx_102X_mc2017_realistic_v8-v1/NANOAODSIM
/DYJetsToLL_M-50_HT-200to400_TuneCP5_13TeV-madgraphMLM-pythia8/RunIIFall17NanoAODv7-PU2017_12Apr2018_Nano02Apr2020_102X_mc2017_realistic_v8_ext1-v1/NANOAODSIM
/DYJetsToLL_M-50_HT-200to400_TuneCUETP8M1_13TeV-madgraphMLM-pythia8/RunIISummer16NanoAODv7-PUMoriond17_Nano02Apr2020_102X_mcRun2_asymptotic_v8_ext1-v1/NANOAODSIM
/DYJetsToLL_M-50_HT-40to70_TuneCP5_13TeV-madgraphMLM-pythia8/RunIIFall17NanoAODv7-PU2017_12Apr2018_Nano02Apr2020_102X_mc2017_realistic_v8-v1/NANOAODSIM
/DYJetsToLL_M-50_HT-400to600_TuneCP5_PSweights_13TeV-madgraphMLM-pythia8/RunIIAutumn18NanoAODv7-Nano02Apr2020_102X_upgrade2018_realistic_v21_ext1-v1/NANOAODSIM
/DYJetsToLL_M-50_HT-70to100_TuneCP5_PSweights_13TeV-madgraphMLM-pythia8/RunIIAutumn18NanoAODv7-Nano02Apr2020_102X_upgrade2018_realistic_v21-v1/NANOAODSIM
/DYJetsToLL_M-50_HT-100to200_TuneCUETP8M1_13TeV-madgraphMLM-pythia8/RunIISummer16NanoAODv7-PUMoriond17_Nano02Apr2020_102X_mcRun2_asymptotic_v8_ext1-v1/NANOAODSIM
/DYJetsToLL_M-50_HT-200to400_TuneCUETP8M1_13TeV-madgraphMLM-pythia8/RunIISummer16NanoAODv7-PUMoriond17_Nano02Apr2020_102X_mcRun2_asymptotic_v8-v1/NANOAODSIM
/QCD_Pt-120to170_EMEnriched_TuneCP5_13TeV_pythia8/RunIIAutumn18NanoAODv7-Nano02Apr2020_102X_upgrade2018_realistic_v21-v1/NANOAODSIM
/GJets_Pt-250To400_13TeV-sherpa/RunIISummer16NanoAODv7-PUMoriond17_Nano02Apr2020_102X_mcRun2_asymptotic_v8-v1/NANOAODSIM
/AJJ_EWK_TuneCP5_13TeV_amcatnlo-pythia8/RunIIFall17NanoAODv7-PU2017_12Apr2018_Nano02Apr2020_102X_mc2017_realistic_v8-v1/NANOAODSIM
/WJetsToLNu_Pt-250To400_TuneCUETP8M1_13TeV-amcatnloFXFX-pythia8/RunIISummer16NanoAODv7-PUMoriond17_Nano02Apr2020_102X_mcRun2_asymptotic_v8_ext1-v1/NANOAODSIM
#/EWK_LLJJ_MLL_105-160_SM_5f_LO_TuneCH3_13TeV-madgraph-herwig7_corrected/RunIIAutumn18NanoAODv7-Nano02Apr2020_102X_upgrade2018_realistic_v21-v1/NANOAODSIM
/DoubleMuon/Run2017E-02Apr2020-v1/NANOAOD
/GJets_Mjj-500_SM_5f_TuneCP5_EWK_13TeV-madgraph-pythia8/RunIIAutumn18NanoAODv7-Nano02Apr2020_102X_upgrade2018_realistic_v21-v1/NANOAODSIM
/DiPhotonJetsBox_MGG-80toInf_13TeV-Sherpa/RunIIAutumn18NanoAODv7-Nano02Apr2020_102X_upgrade2018_realistic_v21-v1/NANOAODSIM
/DY1JetsToLL_M-50_TuneCP5_13TeV-madgraphMLM-pythia8/RunIIFall17NanoAODv7-PU2017_12Apr2018_Nano02Apr2020_new_pmx_102X_mc2017_realistic_v8-v1/NANOAODSIM
/DoubleMuon/Run2018A-02Apr2020-v1/NANOAOD
/GJets_HT-600ToInf_TuneCUETP8M1_13TeV-madgraphMLM-pythia8/RunIISummer16NanoAODv7-PUMoriond17_Nano02Apr2020_102X_mcRun2_asymptotic_v8-v1/NANOAODSIM
/QCD_Pt-30to50_EMEnriched_TuneCUETP8M1_13TeV_pythia8/RunIISummer16NanoAODv7-PUMoriond17_Nano02Apr2020_102X_mcRun2_asymptotic_v8-v1/NANOAODSIM
/DYJetsToLL_M-50_TuneCP5_13TeV-madgraphMLM-pythia8/RunIIFall17NanoAODv7-PU2017RECOSIMstep_12Apr2018_Nano02Apr2020_102X_mc2017_realistic_v8-v1/NANOAODSIM
/WJetsToQQ_HT-800toInf_qc19_3j_TuneCUETP8M1_13TeV-madgraphMLM-pythia8/RunIISummer16NanoAODv7-PUMoriond17_Nano02Apr2020_102X_mcRun2_asymptotic_v8-v1/NANOAODSIM
/DoubleMuon/Run2016G-02Apr2020-v1/NANOAOD
/DY1JetsToLL_M-50_TuneCP5_13TeV-madgraphMLM-pythia8/RunIIFall17NanoAODv7-PU2017_12Apr2018_Nano02Apr2020_v3_102X_mc2017_realistic_v8_ext1-v1/NANOAODSIM
/DoubleMuon/Run2018C-02Apr2020-v1/NANOAOD
/QCD_Pt-50to80_EMEnriched_TuneCP5_13TeV_pythia8/RunIIAutumn18NanoAODv7-Nano02Apr2020_102X_upgrade2018_realistic_v21-v1/NANOAODSIM
/DYToLL_1J_13TeV-amcatnloFXFX-pythia8/RunIISummer16NanoAODv7-PUMoriond17_Nano02Apr2020_backup_102X_mcRun2_asymptotic_v8-v1/NANOAODSIM
/GJets_Mjj-500_SM_5f_TuneCUETP8M1_EWK_13TeV-madgraph-pythia8/RunIISummer16NanoAODv7-Nano02Apr2020_102X_mcRun2_asymptotic_v8-v1/NANOAODSIM
/GJets_HT-600ToInf_TuneCP5_13TeV-madgraphMLM-pythia8/RunIIAutumn18NanoAODv7-Nano02Apr2020_102X_upgrade2018_realistic_v21_ext1-v1/NANOAODSIM
/WJetsToLNu_Pt-600ToInf_TuneCP5_13TeV-amcatnloFXFX-pythia8/RunIIFall17NanoAODv7-PU2017_12Apr2018_Nano02Apr2020_102X_mc2017_realistic_v8-v1/NANOAODSIM
/QCD_Pt-120to170_EMEnriched_TuneCP5_13TeV_pythia8/RunIIFall17NanoAODv7-PU2017_12Apr2018_Nano02Apr2020_102X_mc2017_realistic_v8-v1/NANOAODSIM
#/EWK_LLJJ_MLL_105-160_SM_5f_LO_TuneEEC5_13TeV-madgraph-herwigpp_corrected/RunIISummer16NanoAODv7-PUMoriond17_Nano02Apr2020_102X_mcRun2_asymptotic_v8-v1/NANOAODSIM
/GJets_HT-600ToInf_TuneCUETP8M1_13TeV-madgraphMLM-pythia8/RunIISummer16NanoAODv7-PUMoriond17_Nano02Apr2020_102X_mcRun2_asymptotic_v8_ext1-v1/NANOAODSIM
/DYJetsToLL_M-50_TuneCP5_13TeV-madgraphMLM-pythia8/RunIIAutumn18NanoAODv7-Nano02Apr2020_102X_upgrade2018_realistic_v21-v1/NANOAODSIM
/DoubleEG/Run2016H-02Apr2020-v1/NANOAOD
/DoubleMuon/Run2016D-02Apr2020-v1/NANOAOD
/DoubleMuon/Run2016E-02Apr2020-v1/NANOAOD
/DoubleMuon/Run2017C-02Apr2020-v1/NANOAOD
/WJetsToQQ_HT400to600_qc19_3j_TuneCP5_13TeV-madgraphMLM-pythia8/RunIIFall17NanoAODv7-PU2017_12Apr2018_Nano02Apr2020_102X_mc2017_realistic_v8-v1/NANOAODSIM
#/EWK_LLJJ_MLL-50_MJJ-120_TuneEEC5_13TeV-madgraph-herwigpp_corrected/RunIISummer16NanoAODv7-PUMoriond17_Nano02Apr2020_102X_mcRun2_asymptotic_v8-v1/NANOAODSIM
/GJets_SM_5f_TuneCP5_INTERFERENCE_13TeV-madgraph-pythia8/RunIIAutumn18NanoAODv7-Nano02Apr2020_102X_upgrade2018_realistic_v21-v1/NANOAODSIM
/DoubleEG/Run2016D-02Apr2020-v1/NANOAOD
/DYToLL_0J_13TeV-amcatnloFXFX-pythia8/RunIISummer16NanoAODv7-PUMoriond17_Nano02Apr2020_backup_102X_mcRun2_asymptotic_v8-v1/NANOAODSIM
/DY4JetsToLL_M-50_TuneCP5_13TeV-madgraphMLM-pythia8/RunIIAutumn18NanoAODv7-Nano02Apr2020_102X_upgrade2018_realistic_v21-v1/NANOAODSIM
/QCD_Pt-50to80_EMEnriched_TuneCP5_13TeV_pythia8/RunIIFall17NanoAODv7-PU2017_12Apr2018_Nano02Apr2020_102X_mc2017_realistic_v8-v1/NANOAODSIM
/DoubleEG/Run2017C-02Apr2020-v1/NANOAOD
/WJetsToLNu_Pt-50To100_TuneCP5_13TeV-amcatnloFXFX-pythia8/RunIIAutumn18NanoAODv7-Nano02Apr2020_102X_upgrade2018_realistic_v21-v1/NANOAODSIM
/WJetsToQQ_HT400to600_qc19_3j_TuneCP5_13TeV-madgraphMLM-pythia8/RunIIAutumn18NanoAODv7-Nano02Apr2020_102X_upgrade2018_realistic_v21-v1/NANOAODSIM
/DoubleEG/Run2016F-02Apr2020-v1/NANOAOD
/DYJetsToLL_M-50_TuneCUETP8M1_13TeV-madgraphMLM-pythia8/RunIISummer16NanoAODv7-PUMoriond17_Nano02Apr2020_102X_mcRun2_asymptotic_v8_ext2-v1/NANOAODSIM
#/EWK_LLJJ_MLL-50_MJJ-120_TuneCP5_13TeV-madgraph-pythia8/RunIIFall17NanoAODv7-PU2017_12Apr2018_Nano02Apr2020_102X_mc2017_realistic_v8-v1/NANOAODSIM
/QCD_Pt-300toInf_EMEnriched_TuneCP5_13TeV_pythia8/RunIIFall17NanoAODv7-PU2017_12Apr2018_Nano02Apr2020_102X_mc2017_realistic_v8-v1/NANOAODSIM
/GJets_SM_5f_TuneEE5C_EWK_13TeV-madgraph-herwigpp/RunIISummer16NanoAODv7-Nano02Apr2020_102X_mcRun2_asymptotic_v8-v1/NANOAODSIM
/DY1JetsToLL_M-50_TuneCP5_13TeV-madgraphMLM-pythia8/RunIIAutumn18NanoAODv7-Nano02Apr2020_102X_upgrade2018_realistic_v21-v1/NANOAODSIM
/GJets_HT-200To400_TuneCUETP8M1_13TeV-madgraphMLM-pythia8/RunIISummer16NanoAODv7-PUMoriond17_Nano02Apr2020_102X_mcRun2_asymptotic_v8-v1/NANOAODSIM
/GJets_HT-100To200_TuneCUETP8M1_13TeV-madgraphMLM-pythia8/RunIISummer16NanoAODv7-PUMoriond17_Nano02Apr2020_102X_mcRun2_asymptotic_v8_ext1-v1/NANOAODSIM
/EGamma/Run2018C-02Apr2020-v1/NANOAOD
/GJets_Mjj-500_SM_5f_TuneCUETP8M1_INTERFERENCE_13TeV-madgraph-pythia8/RunIISummer16NanoAODv7-Nano02Apr2020_102X_mcRun2_asymptotic_v8-v1/NANOAODSIM
/GJets_Mjj-500_SM_5f_TuneCP5_EWK_13TeV-madgraph-pythia8/RunIIFall17NanoAODv7-PU2017_12Apr2018_Nano02Apr2020_102X_mc2017_realistic_v8-v1/NANOAODSIM
/DYJetsToLL_0J_TuneCP5_13TeV-amcatnloFXFX-pythia8/RunIIAutumn18NanoAODv7-Nano02Apr2020_102X_upgrade2018_realistic_v21-v1/NANOAODSIM
/SinglePhoton/Run2016E-02Apr2020-v1/NANOAOD
/EWK_LLJJ_MLL-50_MJJ-120_TuneCP5_PSweights_13TeV-madgraph-pythia8/RunIIFall17NanoAODv7-PU2017_12Apr2018_Nano02Apr2020_102X_mc2017_realistic_v8-v1/NANOAODSIM
/GJets_Pt-2000To5000_13TeV-sherpa/RunIISummer16NanoAODv7-PUMoriond17_Nano02Apr2020_102X_mcRun2_asymptotic_v8-v1/NANOAODSIM
/DoubleMuon/Run2016H-02Apr2020-v1/NANOAOD
/WJetsToLNu_Pt-400To600_TuneCP5_13TeV-amcatnloFXFX-pythia8/RunIIAutumn18NanoAODv7-Nano02Apr2020_102X_upgrade2018_realistic_v21-v1/NANOAODSIM
/DiPhotonJetsBox_M40_80-Sherpa/RunIIFall17NanoAODv7-PU2017_12Apr2018_Nano02Apr2020_102X_mc2017_realistic_v8-v1/NANOAODSIM
/WGToLNuG_TuneCUETP8M1_13TeV-madgraphMLM-pythia8/RunIISummer16NanoAODv7-PUMoriond17_Nano02Apr2020_102X_mcRun2_asymptotic_v8-v1/NANOAODSIM
/GJets_Mjj-500_SM_5f_TuneCP5_INTERFERENCE_13TeV-madgraph-pythia8/RunIIFall17NanoAODv7-PU2017_12Apr2018_Nano02Apr2020_102X_mc2017_realistic_v8-v1/NANOAODSIM
/WJetsToLNu_Pt-100To250_TuneCP5_13TeV-amcatnloFXFX-pythia8/RunIIAutumn18NanoAODv7-Nano02Apr2020_102X_upgrade2018_realistic_v21-v1/NANOAODSIM
/WJetsToLNu_Pt-250To400_TuneCUETP8M1_13TeV-amcatnloFXFX-pythia8/RunIISummer16NanoAODv7-PUMoriond17_Nano02Apr2020_102X_mcRun2_asymptotic_v8_ext4-v1/NANOAODSIM
/WJetsToQQ_HT-800toInf_qc19_3j_TuneCP5_13TeV-madgraphMLM-pythia8/RunIIFall17NanoAODv7-PU2017_12Apr2018_Nano02Apr2020_102X_mc2017_realistic_v8-v1/NANOAODSIM
/DY4JetsToLL_M-50_TuneCUETP8M1_13TeV-madgraphMLM-pythia8/RunIISummer16NanoAODv7-PUMoriond17_Nano02Apr2020_102X_mcRun2_asymptotic_v8-v1/NANOAODSIM
/GJets_Pt-1000To2000_13TeV-sherpa/RunIISummer16NanoAODv7-PUMoriond17_Nano02Apr2020_102X_mcRun2_asymptotic_v8-v1/NANOAODSIM
/DYJetsToLL_M-50_TuneCUETP8M1_13TeV-madgraphMLM-pythia8/RunIISummer16NanoAODv7-PUMoriond17_Nano02Apr2020_102X_mcRun2_asymptotic_v8_ext1-v1/NANOAODSIM
/TTGJets_TuneCUETP8M1_13TeV-amcatnloFXFX-madspin-pythia8/RunIISummer16NanoAODv7-PUMoriond17_Nano02Apr2020_102X_mcRun2_asymptotic_v8_ext1-v1/NANOAODSIM
/LLJJ_INT_SM_5f_LO_TuneCP5_PSweights_13TeV_madgraph-pythia8/RunIISummer16NanoAODv7-PUMoriond17_Nano02Apr2020_102X_mcRun2_asymptotic_v8-v1/NANOAODSIM
/SinglePhoton/Run2016H-02Apr2020-v1/NANOAOD
/WJetsToLNu_Pt-600ToInf_TuneCP5_13TeV-amcatnloFXFX-pythia8/RunIIAutumn18NanoAODv7-Nano02Apr2020_102X_upgrade2018_realistic_v21-v1/NANOAODSIM
/AJJ_EWK_TuneCP5_13TeV_amcatnlo-pythia8/RunIIAutumn18NanoAODv7-Nano02Apr2020_102X_upgrade2018_realistic_v21-v1/NANOAODSIM
/QCD_Pt-80to120_EMEnriched_TuneCP5_13TeV_pythia8/RunIIFall17NanoAODv7-PU2017_12Apr2018_Nano02Apr2020_102X_mc2017_realistic_v8-v1/NANOAODSIM
/DYJetsToLL_1J_TuneCP5_13TeV-amcatnloFXFX-pythia8/RunIIAutumn18NanoAODv7-Nano02Apr2020_102X_upgrade2018_realistic_v21-v1/NANOAODSIM
/QCD_Pt-170to300_EMEnriched_TuneCUETP8M1_13TeV_pythia8/RunIISummer16NanoAODv7-PUMoriond17_Nano02Apr2020_102X_mcRun2_asymptotic_v8-v1/NANOAODSIM
/SinglePhoton/Run2016B-02Apr2020-v1/NANOAOD
/ZGTo2LG_PtG-130_TuneCUETP8M1_13TeV-amcatnloFXFX-pythia8/RunIISummer16NanoAODv7-PUMoriond17_Nano02Apr2020_102X_mcRun2_asymptotic_v8-v1/NANOAODSIM
/QCD_Pt-50to80_EMEnriched_TuneCUETP8M1_13TeV_pythia8/RunIISummer16NanoAODv7-PUMoriond17_Nano02Apr2020_102X_mcRun2_asymptotic_v8-v1/NANOAODSIM
/WJetsToLNu_Pt-100To250_TuneCUETP8M1_13TeV-amcatnloFXFX-pythia8/RunIISummer16NanoAODv7-PUMoriond17_Nano02Apr2020_102X_mcRun2_asymptotic_v8-v1/NANOAODSIM
/DYJetsToLL_M-50_TuneCUETP8M1_13TeV-amcatnloFXFX-pythia8/RunIISummer16NanoAODv7-PUMoriond17_Nano02Apr2020_102X_mcRun2_asymptotic_v8_ext2-v1/NANOAODSIM
/QCD_Pt-30to50_EMEnriched_TuneCP5_13TeV_pythia8/RunIIFall17NanoAODv7-PU2017_12Apr2018_Nano02Apr2020_102X_mc2017_realistic_v8-v1/NANOAODSIM
/DY1JetsToLL_M-50_TuneCUETP8M1_13TeV-madgraphMLM-pythia8/RunIISummer16NanoAODv7-PUMoriond17_Nano02Apr2020_102X_mcRun2_asymptotic_v8-v1/NANOAODSIM
/WJetsToLNu_Pt-250To400_TuneCUETP8M1_13TeV-amcatnloFXFX-pythia8/RunIISummer16NanoAODv7-PUMoriond17_Nano02Apr2020_102X_mcRun2_asymptotic_v8-v1/NANOAODSIM
/QCD_Pt-170to300_EMEnriched_TuneCP5_13TeV_pythia8/RunIIFall17NanoAODv7-PU2017_12Apr2018_Nano02Apr2020_102X_mc2017_realistic_v8-v1/NANOAODSIM
/TTGJets_TuneCP5_13TeV-amcatnloFXFX-madspin-pythia8/RunIIAutumn18NanoAODv7-Nano02Apr2020_102X_upgrade2018_realistic_v21-v1/NANOAODSIM
/DYToLL_2J_13TeV-amcatnloFXFX-pythia8/RunIISummer16NanoAODv7-PUMoriond17_Nano02Apr2020_102X_mcRun2_asymptotic_v8_ext1-v1/NANOAODSIM
/WJetsToLNu_Pt-250To400_TuneCP5_13TeV-amcatnloFXFX-pythia8/RunIIFall17NanoAODv7-PU2017_12Apr2018_Nano02Apr2020_102X_mc2017_realistic_v8-v1/NANOAODSIM
/DoubleEG/Run2017F-02Apr2020-v1/NANOAOD
/WJetsToLNu_Pt-400To600_TuneCUETP8M1_13TeV-amcatnloFXFX-pythia8/RunIISummer16NanoAODv7-PUMoriond17_Nano02Apr2020_102X_mcRun2_asymptotic_v8-v1/NANOAODSIM
/GJets_SM_5f_TuneCP5_EWK_13TeV-madgraph-pythia8/RunIIFall17NanoAODv7-PU2017_12Apr2018_Nano02Apr2020_102X_mc2017_realistic_v8_ext1-v1/NANOAODSIM
/TTTo2L2Nu_TuneCP5_PSweights_13TeV-powheg-pythia8/RunIISummer16NanoAODv7-PUMoriond17_Nano02Apr2020_102X_mcRun2_asymptotic_v8-v1/NANOAODSIM
/DiPhotonJetsBox_MGG-80toInf_13TeV-Sherpa/RunIISummer16NanoAODv7-PUMoriond17_Nano02Apr2020_102X_mcRun2_asymptotic_v8-v1/NANOAODSIM
#/TTJets_TuneCP5_13TeV-amcatnloFXFX-pythia8/RunIIAutumn18NanoAODv7-Nano02Apr2020_102X_upgrade2018_realistic_v21_ext2-v1/NANOAODSIM
/SinglePhoton/Run2016D-02Apr2020-v1/NANOAOD
/GJets_HT-400To600_TuneCP5_13TeV-madgraphMLM-pythia8/RunIIFall17NanoAODv7-PU2017_12Apr2018_Nano02Apr2020_102X_mc2017_realistic_v8-v1/NANOAODSIM
/QCD_Pt-80to120_EMEnriched_TuneCUETP8M1_13TeV_pythia8/RunIISummer16NanoAODv7-PUMoriond17_Nano02Apr2020_102X_mcRun2_asymptotic_v8_ext1-v1/NANOAODSIM
/DYJetsToLL_0J_TuneCP5_13TeV-amcatnloFXFX-pythia8/RunIIFall17NanoAODv7-PU2017_12Apr2018_Nano02Apr2020_102X_mc2017_realistic_v8-v1/NANOAODSIM
/DY2JetsToLL_M-50_TuneCP5_13TeV-madgraphMLM-pythia8/RunIIAutumn18NanoAODv7-Nano02Apr2020_102X_upgrade2018_realistic_v21-v1/NANOAODSIM
/DoubleMuon/Run2017D-02Apr2020-v1/NANOAOD
/GJets_Pt-5To50_13TeV-sherpa/RunIISummer16NanoAODv7-PUMoriond17_Nano02Apr2020_102X_mcRun2_asymptotic_v8-v1/NANOAODSIM
/GJets_Pt-50To100_13TeV-sherpa/RunIISummer16NanoAODv7-PUMoriond17_Nano02Apr2020_102X_mcRun2_asymptotic_v8-v1/NANOAODSIM
/WGToLNuG_TuneCP5_13TeV-madgraphMLM-pythia8/RunIIFall17NanoAODv7-PU2017_12Apr2018_Nano02Apr2020_102X_mc2017_realistic_v8-v1/NANOAODSIM
#/TTJets_TuneCUETP8M2T4_13TeV-amcatnloFXFX-pythia8/RunIISummer16NanoAODv7-PUMoriond17_Nano02Apr2020_102X_mcRun2_asymptotic_v8-v1/NANOAODSIM
/QCD_Pt-80to120_EMEnriched_TuneCP5_13TeV_pythia8/RunIIAutumn18NanoAODv7-Nano02Apr2020_102X_upgrade2018_realistic_v21-v1/NANOAODSIM
/DoubleMuon/Run2018D-02Apr2020-v1/NANOAOD
/SinglePhoton/Run2017F-02Apr2020-v1/NANOAOD
/QCD_Pt-170to300_EMEnriched_TuneCP5_13TeV_pythia8/RunIIAutumn18NanoAODv7-Nano02Apr2020_102X_upgrade2018_realistic_v21-v1/NANOAODSIM
/DYJetsToLL_M-50_TuneCP5_13TeV-amcatnloFXFX-pythia8/RunIIAutumn18NanoAODv7-Nano02Apr2020_102X_upgrade2018_realistic_v21-v1/NANOAODSIM
/EWK_LLJJ_MLL-50_MJJ-120_TuneCP5_13TeV-madgraph-pythia8/RunIIAutumn18NanoAODv7-Nano02Apr2020_102X_upgrade2018_realistic_v21-v1/NANOAODSIM
/DoubleMuon/Run2016C-02Apr2020-v1/NANOAOD
/SinglePhoton/Run2017C-02Apr2020-v1/NANOAOD
/DoubleMuon/Run2016B-02Apr2020-v2/NANOAOD
/DiPhotonJetsBox_MGG-80toInf_13TeV-Sherpa/RunIIFall17NanoAODv7-PU2017_12Apr2018_Nano02Apr2020_102X_mc2017_realistic_v8-v1/NANOAODSIM
/TTTo2L2Nu_TuneCP5_13TeV-powheg-pythia8/RunIIAutumn18NanoAODv7-Nano02Apr2020_102X_upgrade2018_realistic_v21-v1/NANOAODSIM
#/EWK_LLJJ_MLL-50_MJJ-120_TuneCH3_PSweights_13TeV-madgraph-herwig7_corrected/RunIIAutumn18NanoAODv7-Nano02Apr2020_102X_upgrade2018_realistic_v21-v1/NANOAODSIM
/WJetsToQQ_HT600to800_qc19_3j_TuneCP5_13TeV-madgraphMLM-pythia8/RunIIFall17NanoAODv7-PU2017_12Apr2018_Nano02Apr2020_102X_mc2017_realistic_v8-v1/NANOAODSIM
/WGToLNuG_TuneCP5_13TeV-madgraphMLM-pythia8/RunIIAutumn18NanoAODv7-Nano02Apr2020_102X_upgrade2018_realistic_v21-v1/NANOAODSIM
/WJetsToLNu_Pt-50To100_TuneCP5_13TeV-amcatnloFXFX-pythia8/RunIIFall17NanoAODv7-PU2017_12Apr2018_Nano02Apr2020_102X_mc2017_realistic_v8-v1/NANOAODSIM
/SinglePhoton/Run2017D-02Apr2020-v1/NANOAOD
/DoubleEG/Run2017B-02Apr2020-v1/NANOAOD
/LLJJ_INT_SM_5f_LO_TuneCP5_PSweights_13TeV_madgraph-pythia8/RunIIAutumn18NanoAODv7-Nano02Apr2020_102X_upgrade2018_realistic_v21-v1/NANOAODSIM
/GJets_Pt-100To250_13TeV_sherpa/RunIISummer16NanoAODv7-PUMoriond17_Nano02Apr2020_102X_mcRun2_asymptotic_v8-v1/NANOAODSIM
/TTTo2L2Nu_TuneCP5_PSweights_13TeV-powheg-pythia8/RunIIFall17NanoAODv7-PU2017_12Apr2018_Nano02Apr2020_new_pmx_102X_mc2017_realistic_v8-v1/NANOAODSIM
/DoubleMuon/Run2017F-02Apr2020-v1/NANOAOD
/DYToLL_1J_13TeV-amcatnloFXFX-pythia8/RunIISummer16NanoAODv7-PUMoriond17_Nano02Apr2020_102X_mcRun2_asymptotic_v8_ext1-v1/NANOAODSIM
/AJJ_EWK_TuneCUETP8M1_13TeV_amcatnlo-pythia8/RunIISummer16NanoAODv7-PUMoriond17_Nano02Apr2020_102X_mcRun2_asymptotic_v8-v1/NANOAODSIM
/SinglePhoton/Run2016G-02Apr2020-v1/NANOAOD
/TTGJets_TuneCUETP8M1_13TeV-amcatnloFXFX-madspin-pythia8/RunIISummer16NanoAODv7-PUMoriond17_Nano02Apr2020_102X_mcRun2_asymptotic_v8-v1/NANOAODSIM
/WJetsToLNu_Pt-400To600_TuneCP5_13TeV-amcatnloFXFX-pythia8/RunIIFall17NanoAODv7-PU2017_12Apr2018_Nano02Apr2020_102X_mc2017_realistic_v8-v1/NANOAODSIM
/WJetsToLNu_Pt-600ToInf_TuneCUETP8M1_13TeV-amcatnloFXFX-pythia8/RunIISummer16NanoAODv7-PUMoriond17_Nano02Apr2020_102X_mcRun2_asymptotic_v8_ext1-v1/NANOAODSIM
/GJets_HT-200To400_TuneCUETP8M1_13TeV-madgraphMLM-pythia8/RunIISummer16NanoAODv7-PUMoriond17_Nano02Apr2020_102X_mcRun2_asymptotic_v8_ext1-v1/NANOAODSIM
/GJets_SM_5f_TuneEE5C_EWK_13TeV-madgraph-herwigpp/RunIIFall17NanoAODv7-PU2017_12Apr2018_Nano02Apr2020_102X_mc2017_realistic_v8-v1/NANOAODSIM
/ZGTo2LG_PtG-130_TuneCP5_13TeV-amcatnloFXFX-pythia8/RunIIFall17NanoAODv7-PU2017_12Apr2018_Nano02Apr2020_102X_mc2017_realistic_v8-v1/NANOAODSIM
/WJetsToQQ_HT600to800_qc19_3j_TuneCP5_13TeV-madgraphMLM-pythia8/RunIIAutumn18NanoAODv7-Nano02Apr2020_102X_upgrade2018_realistic_v21-v1/NANOAODSIM
/DY4JetsToLL_M-50_TuneCP5_13TeV-madgraphMLM-pythia8/RunIIFall17NanoAODv7-PU2017_12Apr2018_Nano02Apr2020_v2_102X_mc2017_realistic_v8-v1/NANOAODSIM
#/TTJets_TuneCP5_13TeV-amcatnloFXFX-pythia8/RunIIAutumn18NanoAODv7-Nano02Apr2020_102X_upgrade2018_realistic_v21_ext1-v1/NANOAODSIM
/DiPhotonJetsBox_M40_80-Sherpa/RunIISummer16NanoAODv7-PUMoriond17_Nano02Apr2020_102X_mcRun2_asymptotic_v8-v1/NANOAODSIM
/DYJetsToLL_M-50_TuneCP5_13TeV-amcatnloFXFX-pythia8/RunIIFall17NanoAODv7-PU2017_12Apr2018_Nano02Apr2020_new_pmx_102X_mc2017_realistic_v8_ext1-v1/NANOAODSIM
/DYJetsToLL_M-50_TuneCP5_13TeV-amcatnloFXFX-pythia8/RunIIFall17NanoAODv7-PU2017_12Apr2018_Nano02Apr2020_new_pmx_102X_mc2017_realistic_v8-v1/NANOAODSIM
/DoubleMuon/Run2018B-02Apr2020-v1/NANOAOD
/WJetsToLNu_Pt-100To250_TuneCP5_13TeV-amcatnloFXFX-pythia8/RunIIFall17NanoAODv7-PU2017_12Apr2018_Nano02Apr2020_102X_mc2017_realistic_v8-v1/NANOAODSIM
/QCD_Pt-80to120_EMEnriched_TuneCUETP8M1_13TeV_pythia8/RunIISummer16NanoAODv7-PUMoriond17_Nano02Apr2020_102X_mcRun2_asymptotic_v8-v1/NANOAODSIM
/DYJetsToLL_M-50_TuneCP5_13TeV-madgraphMLM-pythia8/RunIIFall17NanoAODv7-PU2017RECOSIMstep_12Apr2018_Nano02Apr2020_102X_mc2017_realistic_v8_ext1-v1/NANOAODSIM
/GJets_Pt-20To100_13TeV-sherpa/RunIISummer16NanoAODv7-PUMoriond17_Nano02Apr2020_102X_mcRun2_asymptotic_v8-v1/NANOAODSIM
/GJets_HT-200To400_TuneCP5_13TeV-madgraphMLM-pythia8/RunIIAutumn18NanoAODv7-Nano02Apr2020_102X_upgrade2018_realistic_v21-v1/NANOAODSIM
/WJetsToLNu_Pt-250To400_TuneCP5_13TeV-amcatnloFXFX-pythia8/RunIIAutumn18NanoAODv7-Nano02Apr2020_102X_upgrade2018_realistic_v21-v1/NANOAODSIM
/QCD_Pt-20to30_EMEnriched_TuneCP5_13TeV_pythia8/RunIIAutumn18NanoAODv7-Nano02Apr2020_102X_upgrade2018_realistic_v21-v1/NANOAODSIM
/SinglePhoton/Run2016C-02Apr2020-v1/NANOAOD
/GJets_Pt-100To200_13TeV-sherpa/RunIISummer16NanoAODv7-PUMoriond17_Nano02Apr2020_102X_mcRun2_asymptotic_v8-v1/NANOAODSIM
/DY3JetsToLL_M-50_TuneCUETP8M1_13TeV-madgraphMLM-pythia8/RunIISummer16NanoAODv7-PUMoriond17_Nano02Apr2020_102X_mcRun2_asymptotic_v8-v1/NANOAODSIM
/DoubleMuon/Run2016F-02Apr2020-v1/NANOAOD
/GJets_HT-40To100_TuneCUETP8M1_13TeV-madgraphMLM-pythia8/RunIISummer16NanoAODv7-PUMoriond17_Nano02Apr2020_102X_mcRun2_asymptotic_v8_ext1-v1/NANOAODSIM
/TTGJets_TuneCP5_13TeV-amcatnloFXFX-madspin-pythia8/RunIIFall17NanoAODv7-PU2017_12Apr2018_Nano02Apr2020_new_pmx_102X_mc2017_realistic_v8-v1/NANOAODSIM
/DY3JetsToLL_M-50_TuneCP5_13TeV-madgraphMLM-pythia8/RunIIFall17NanoAODv7-PU2017_12Apr2018_Nano02Apr2020_new_pmx_102X_mc2017_realistic_v8_ext1-v1/NANOAODSIM
/DoubleEG/Run2016B-02Apr2020-v1/NANOAOD
/DoubleEG/Run2016B-02Apr2020-v2/NANOAOD
/EWK_LLJJ_MLL-50_MJJ-120_13TeV-madgraph-pythia8/RunIISummer16NanoAODv7-PUMoriond17_Nano02Apr2020_102X_mcRun2_asymptotic_v8-v1/NANOAODSIM
/GJets_SM_5f_TuneCP5_EWK_13TeV-madgraph-pythia8/RunIIAutumn18NanoAODv7-Nano02Apr2020_102X_upgrade2018_realistic_v21-v1/NANOAODSIM
/QCD_Pt-30to50_EMEnriched_TuneCP5_13TeV_pythia8/RunIIAutumn18NanoAODv7-Nano02Apr2020_102X_upgrade2018_realistic_v21_ext1-v1/NANOAODSIM
/DY2JetsToLL_M-50_TuneCUETP8M1_13TeV-madgraphMLM-pythia8/RunIISummer16NanoAODv7-PUMoriond17_Nano02Apr2020_102X_mcRun2_asymptotic_v8-v1/NANOAODSIM
#/EWK_LLJJ_MLL_105-160_SM_5f_LO_TuneCH3_13TeV-madgraph-herwig7_corrected/RunIIFall17NanoAODv7-PU2017_12Apr2018_Nano02Apr2020_102X_mc2017_realistic_v8-v1/NANOAODSIM
/GJets_SM_5f_TuneCUETP8M1_EWK_13TeV-madgraph-pythia8/RunIISummer16NanoAODv7-Nano02Apr2020_102X_mcRun2_asymptotic_v8-v1/NANOAODSIM
/DYJetsToLL_1J_TuneCP5_13TeV-amcatnloFXFX-pythia8/RunIIFall17NanoAODv7-PU2017_12Apr2018_Nano02Apr2020_102X_mc2017_realistic_v8-v1/NANOAODSIM
/GJets_HT-400To600_TuneCP5_13TeV-madgraphMLM-pythia8/RunIIAutumn18NanoAODv7-Nano02Apr2020_102X_upgrade2018_realistic_v21-v1/NANOAODSIM
/DYToLL_0J_13TeV-amcatnloFXFX-pythia8/RunIISummer16NanoAODv7-PUMoriond17_Nano02Apr2020_102X_mcRun2_asymptotic_v8_ext1-v1/NANOAODSIM
/QCD_Pt-20to30_EMEnriched_TuneCP5_13TeV_pythia8/RunIIFall17NanoAODv7-PU2017_12Apr2018_Nano02Apr2020_102X_mc2017_realistic_v8-v1/NANOAODSIM
/DiPhotonJetsBox_M40_80-Sherpa/RunIIAutumn18NanoAODv7-Nano02Apr2020_102X_upgrade2018_realistic_v21-v1/NANOAODSIM
/SinglePhoton/Run2016F-02Apr2020-v1/NANOAOD
/GJets_HT-200To400_TuneCP5_13TeV-madgraphMLM-pythia8/RunIIFall17NanoAODv7-PU2017_12Apr2018_Nano02Apr2020_new_pmx_102X_mc2017_realistic_v8-v1/NANOAODSIM
/DY2JetsToLL_M-50_TuneCP5_13TeV-madgraphMLM-pythia8/RunIIFall17NanoAODv7-PU2017_12Apr2018_Nano02Apr2020_new_pmx_102X_mc2017_realistic_v8_ext1-v1/NANOAODSIM
/QCD_Pt-20to30_EMEnriched_TuneCUETP8M1_13TeV_pythia8/RunIISummer16NanoAODv7-PUMoriond17_Nano02Apr2020_102X_mcRun2_asymptotic_v8-v1/NANOAODSIM
/GJets_HT-40To100_TuneCP5_13TeV-madgraphMLM-pythia8/RunIIAutumn18NanoAODv7-Nano02Apr2020_102X_upgrade2018_realistic_v21-v1/NANOAODSIM
/GJets_SM_5f_TuneCUETP8M1_INTERFERENCEFOR17DATA_13TeV-madgraphMLM-pythia8/RunIIFall17NanoAODv7-PU2017_12Apr2018_Nano02Apr2020_102X_mc2017_realistic_v8-v1/NANOAODSIM
#/EWK_LLJJ_MLL_105-160_SM_5f_LO_TuneCUETP8M1_PSweights_13TeV-madgraph-pythia8/RunIISummer16NanoAODv7-PUMoriond17_Nano02Apr2020_102X_mcRun2_asymptotic_v8-v1/NANOAODSIM
/GJets_HT-400To600_TuneCUETP8M1_13TeV-madgraphMLM-pythia8/RunIISummer16NanoAODv7-PUMoriond17_Nano02Apr2020_102X_mcRun2_asymptotic_v8-v1/NANOAODSIM
/ZGTo2LG_PtG-130_TuneCP5_13TeV-amcatnloFXFX-pythia8/RunIIAutumn18NanoAODv7-Nano02Apr2020_102X_upgrade2018_realistic_v21-v1/NANOAODSIM
/WJetsToQQ_HT-800toInf_qc19_3j_TuneCP5_13TeV-madgraphMLM-pythia8/RunIIAutumn18NanoAODv7-Nano02Apr2020_102X_upgrade2018_realistic_v21-v1/NANOAODSIM
/DoubleEG/Run2016G-02Apr2020-v1/NANOAOD
/DoubleEG/Run2016E-02Apr2020-v1/NANOAOD
/DYJetsToLL_2J_TuneCP5_13TeV-amcatnloFXFX-pythia8/RunIIAutumn18NanoAODv7-Nano02Apr2020_102X_upgrade2018_realistic_v21-v1/NANOAODSIM
/GJets_Pt-500To1000_13TeV-sherpa/RunIISummer16NanoAODv7-PUMoriond17_Nano02Apr2020_102X_mcRun2_asymptotic_v8-v1/NANOAODSIM
/GJets_HT-600ToInf_TuneCP5_13TeV-madgraphMLM-pythia8/RunIIFall17NanoAODv7-PU2017_12Apr2018_Nano02Apr2020_102X_mc2017_realistic_v8-v1/NANOAODSIM
/QCD_Pt-300toInf_EMEnriched_TuneCP5_13TeV_pythia8/RunIIAutumn18NanoAODv7-Nano02Apr2020_102X_upgrade2018_realistic_v21-v1/NANOAODSIM
/QCD_Pt-15to20_EMEnriched_TuneCP5_13TeV_pythia8/RunIIFall17NanoAODv7-PU2017_12Apr2018_Nano02Apr2020_102X_mc2017_realistic_v8-v1/NANOAODSIM
#/EWK_LLJJ_MLL_105-160_SM_5f_LO_TuneCP5_PSweights_13TeV-madgraph-pythia8/RunIIFall17NanoAODv7-PU2017_12Apr2018_Nano02Apr2020_102X_mc2017_realistic_v8-v1/NANOAODSIM
#/WJetsToLNu_Pt-400To600_TuneCUETP8M1_13TeV-amcatnloFXFX-pythia8/RunIISummer16NanoAODv7-PUMoriond17_Nano02Apr2020_102X_mcRun2_asymptotic_v8_ext1-v1/NANOAODSIM
/EGamma/Run2018A-02Apr2020-v1/NANOAOD
/DYJetsToLL_M-50_TuneCP5_13TeV-amcatnloFXFX-pythia8/RunIIAutumn18NanoAODv7-Nano02Apr2020_102X_upgrade2018_realistic_v21_ext2-v1/NANOAODSIM
/EGamma/Run2018B-02Apr2020-v1/NANOAOD
/TTTo2L2Nu_TuneCP5_13TeV-powheg-pythia8/RunIIFall17NanoAODv7-PU2017_12Apr2018_Nano02Apr2020_new_pmx_102X_mc2017_realistic_v8-v1/NANOAODSIM
/GJets_Pt-200To500_13TeV-sherpa/RunIISummer16NanoAODv7-PUMoriond17_Nano02Apr2020_102X_mcRun2_asymptotic_v8-v1/NANOAODSIM
/WJetsToLNu_Pt-100To250_TuneCUETP8M1_13TeV-amcatnloFXFX-pythia8/RunIISummer16NanoAODv7-PUMoriond17_Nano02Apr2020_102X_mcRun2_asymptotic_v8_ext1-v1/NANOAODSIM
/DY2JetsToLL_M-50_TuneCP5_13TeV-madgraphMLM-pythia8/RunIIFall17NanoAODv7-PU2017_12Apr2018_Nano02Apr2020_102X_mc2017_realistic_v8_ext1-v1/NANOAODSIM
/GJets_HT-100To200_TuneCUETP8M1_13TeV-madgraphMLM-pythia8/RunIISummer16NanoAODv7-PUMoriond17_Nano02Apr2020_102X_mcRun2_asymptotic_v8-v1/NANOAODSIM
#/WJetsToLNu_Pt-600ToInf_TuneCUETP8M1_13TeV-amcatnloFXFX-pythia8/RunIISummer16NanoAODv7-PUMoriond17_Nano02Apr2020_102X_mcRun2_asymptotic_v8-v1/NANOAODSIM
/GJets_Pt-650ToInf_13TeV-sherpa/RunIISummer16NanoAODv7-PUMoriond17_Nano02Apr2020_102X_mcRun2_asymptotic_v8-v1/NANOAODSIM
/GJets_HT-400To600_TuneCUETP8M1_13TeV-madgraphMLM-pythia8/RunIISummer16NanoAODv7-PUMoriond17_Nano02Apr2020_102X_mcRun2_asymptotic_v8_ext1-v1/NANOAODSIM
/GJets_HT-100To200_TuneCP5_13TeV-madgraphMLM-pythia8/RunIIAutumn18NanoAODv7-Nano02Apr2020_4cores5k_102X_upgrade2018_realistic_v21-v1/NANOAODSIM
/QCD_Pt-300toInf_EMEnriched_TuneCUETP8M1_13TeV_pythia8/RunIISummer16NanoAODv7-PUMoriond17_Nano02Apr2020_102X_mcRun2_asymptotic_v8-v1/NANOAODSIM
/QCD_Pt-120to170_EMEnriched_TuneCUETP8M1_13TeV_pythia8/RunIISummer16NanoAODv7-PUMoriond17_Nano02Apr2020_102X_mcRun2_asymptotic_v8-v1/NANOAODSIM
/DoubleEG/Run2016C-02Apr2020-v1/NANOAOD
/DoubleMuon/Run2017B-02Apr2020-v1/NANOAOD
/DoubleEG/Run2017E-02Apr2020-v1/NANOAOD
/DoubleEG/Run2017D-02Apr2020-v1/NANOAOD
/DYJetsToLL_2J_TuneCP5_13TeV-amcatnloFXFX-pythia8/RunIIFall17NanoAODv7-PU2017_12Apr2018_Nano02Apr2020_102X_mc2017_realistic_v8-v1/NANOAODSIM
/WJetsToQQ_HT400to600_qc19_3j_TuneCUETP8M1_13TeV-madgraphMLM-pythia8/RunIISummer16NanoAODv7-PUMoriond17_Nano02Apr2020_102X_mcRun2_asymptotic_v8-v1/NANOAODSIM
/GJets_HT-40To100_TuneCP5_13TeV-madgraphMLM-pythia8/RunIIFall17NanoAODv7-PU2017_12Apr2018_Nano02Apr2020_new_pmx_102X_mc2017_realistic_v8_ext1-v1/NANOAODSIM
/GJets_HT-100To200_TuneCP5_13TeV-madgraphMLM-pythia8/RunIIFall17NanoAODv7-PU2017_12Apr2018_Nano02Apr2020_new_pmx_102X_mc2017_realistic_v8-v1/NANOAODSIM
/SinglePhoton/Run2016B-02Apr2020-v2/NANOAOD
/QCD_Pt-50to80_EMEnriched_TuneCUETP8M1_13TeV_pythia8/RunIISummer16NanoAODv7-PUMoriond17_Nano02Apr2020_102X_mcRun2_asymptotic_v8_ext1-v1/NANOAODSIM
#/EWK_LLJJ_MLL-50_MJJ-120_TuneCH3_PSweights_13TeV-madgraph-herwig7_corrected/RunIIFall17NanoAODv7-PU2017_12Apr2018_Nano02Apr2020_102X_mc2017_realistic_v8-v1/NANOAODSIM
/DY3JetsToLL_M-50_TuneCP5_13TeV-madgraphMLM-pythia8/RunIIFall17NanoAODv7-PU2017_12Apr2018_Nano02Apr2020_102X_mc2017_realistic_v8-v1/NANOAODSIM
/DY3JetsToLL_M-50_TuneCP5_13TeV-madgraphMLM-pythia8/RunIIAutumn18NanoAODv7-Nano02Apr2020_102X_upgrade2018_realistic_v21-v1/NANOAODSIM
/SinglePhoton/Run2017B-02Apr2020-v1/NANOAOD
/LLJJ_INT_SM_5f_LO_TuneCP5_PSweights_13TeV_madgraph-pythia8/RunIIFall17NanoAODv7-PU2017_12Apr2018_Nano02Apr2020_102X_mc2017_realistic_v8-v1/NANOAODSIM
#/TTJets_TuneCP5_13TeV-amcatnloFXFX-pythia8/RunIIFall17NanoAODv7-PU2017_12Apr2018_Nano02Apr2020_new_pmx_102X_mc2017_realistic_v8-v1/NANOAODSIM
/QCD_Pt-30to50_EMEnriched_TuneCUETP8M1_13TeV_pythia8/RunIISummer16NanoAODv7-PUMoriond17_Nano02Apr2020_102X_mcRun2_asymptotic_v8_ext1-v1/NANOAODSIM
/GJets_SM_5f_TuneCH3_EWK_13TeV-madgraph-herwig7/RunIIAutumn18NanoAODv7-Nano02Apr2020_102X_upgrade2018_realistic_v21-v1/NANOAODSIM
/GJets_Pt-400To650_13TeV-sherpa/RunIISummer16NanoAODv7-PUMoriond17_Nano02Apr2020_102X_mcRun2_asymptotic_v8-v1/NANOAODSIM
/G1Jet_Pt-100To250_TuneCUETP8M1_13TeV-amcatnlo-pythia8/RunIISummer16NanoAODv7-PUMoriond17_Nano02Apr2020_102X_mcRun2_asymptotic_v8-v1/NANOAODSIM
/G1Jet_Pt-250To400_TuneCUETP8M1_13TeV-amcatnlo-pythia8/RunIISummer16NanoAODv7-PUMoriond17_Nano02Apr2020_102X_mcRun2_asymptotic_v8-v1/NANOAODSIM
/G1Jet_Pt-400To650_TuneCUETP8M1_13TeV-amcatnlo-pythia8/RunIISummer16NanoAODv7-PUMoriond17_Nano02Apr2020_102X_mcRun2_asymptotic_v8-v1/NANOAODSIM
/G1Jet_Pt-50To100_TuneCUETP8M1_13TeV-amcatnlo-pythia8/RunIISummer16NanoAODv7-PUMoriond17_Nano02Apr2020_102X_mcRun2_asymptotic_v8-v1/NANOAODSIM
/G1Jet_Pt-650ToInf_TuneCUETP8M1_13TeV-amcatnlo-pythia8/RunIISummer16NanoAODv7-PUMoriond17_Nano02Apr2020_102X_mcRun2_asymptotic_v8-v1/NANOAODSIM

