#SingleMu
/SingleMuon/Run2016B-ver1_HIPM_UL2016_MiniAODv2_NanoAODv9-v1/NANOAOD
/SingleMuon/Run2016B-ver2_HIPM_UL2016_MiniAODv2_NanoAODv9-v1/NANOAOD
/SingleMuon/Run2016C-HIPM_UL2016_MiniAODv2_NanoAODv9-v1/NANOAOD
/SingleMuon/Run2016D-HIPM_UL2016_MiniAODv2_NanoAODv9-v1/NANOAOD
/SingleMuon/Run2016E-HIPM_UL2016_MiniAODv2_NanoAODv9-v1/NANOAOD
/SingleMuon/Run2016F-HIPM_UL2016_MiniAODv2_NanoAODv9-v1/NANOAOD
/SingleMuon/Run2016F-UL2016_MiniAODv2_NanoAODv9-v1/NANOAOD
/SingleMuon/Run2016G-UL2016_MiniAODv2_NanoAODv9-v1/NANOAOD
/SingleMuon/Run2016H-UL2016_MiniAODv2_NanoAODv9-v1/NANOAOD
/SingleMuon/Run2017B-UL2017_MiniAODv2_NanoAODv9-v1/NANOAOD
/SingleMuon/Run2017C-UL2017_MiniAODv2_NanoAODv9-v1/NANOAOD
/SingleMuon/Run2017D-UL2017_MiniAODv2_NanoAODv9-v1/NANOAOD
/SingleMuon/Run2017E-UL2017_MiniAODv2_NanoAODv9-v1/NANOAOD
/SingleMuon/Run2017F-UL2017_MiniAODv2_NanoAODv9-v1/NANOAOD
/SingleMuon/Run2017G-UL2017_MiniAODv2_NanoAODv9-v1/NANOAOD
/SingleMuon/Run2017H-UL2017_MiniAODv2_NanoAODv9-v1/NANOAOD
/SingleMuon/Run2018A-UL2018_MiniAODv2_NanoAODv9-v2/NANOAOD
/SingleMuon/Run2018B-UL2018_MiniAODv2_NanoAODv9-v2/NANOAOD
/SingleMuon/Run2018C-UL2018_MiniAODv2_NanoAODv9-v2/NANOAOD
/SingleMuon/Run2018D-UL2018_MiniAODv2_NanoAODv9-v1/NANOAOD
#DiMu

/DoubleMuon/Run2016B-ver1_HIPM_UL2016_MiniAODv2_NanoAODv9-v2/NANOAOD
/DoubleMuon/Run2016B-ver2_HIPM_UL2016_MiniAODv2_NanoAODv9-v2/NANOAOD
/DoubleMuon/Run2016C-HIPM_UL2016_MiniAODv2_NanoAODv9-v2/NANOAOD
/DoubleMuon/Run2016D-HIPM_UL2016_MiniAODv2_NanoAODv9-v2/NANOAOD
/DoubleMuon/Run2016E-HIPM_UL2016_MiniAODv2_NanoAODv9-v2/NANOAOD
/DoubleMuon/Run2016F-HIPM_UL2016_MiniAODv2_NanoAODv9-v2/NANOAOD
/DoubleMuon/Run2016F-UL2016_MiniAODv2_NanoAODv9-v1/NANOAOD
/DoubleMuon/Run2016G-UL2016_MiniAODv2_NanoAODv9-v2/NANOAOD
/DoubleMuon/Run2016H-UL2016_MiniAODv2_NanoAODv9-v1/NANOAOD

/DoubleMuon/Run2017B-UL2017_MiniAODv2_NanoAODv9-v1/NANOAOD
/DoubleMuon/Run2017C-UL2017_MiniAODv2_NanoAODv9-v1/NANOAOD
/DoubleMuon/Run2017D-UL2017_MiniAODv2_NanoAODv9-v1/NANOAOD
/DoubleMuon/Run2017E-UL2017_MiniAODv2_NanoAODv9-v1/NANOAOD
/DoubleMuon/Run2017F-UL2017_MiniAODv2_NanoAODv9-v1/NANOAOD
#/DoubleMuon/Run2017F-UL2017_Nano02Dec2019-v1/NANOAOD
#/DoubleMuon/Run2017G-UL2017_MiniAODv2_NanoAODv9-v1/NANOAOD
#/DoubleMuon/Run2017H-UL2017_MiniAODv2_NanoAODv9-v1/NANOAOD


/DoubleMuon/Run2018A-UL2018_MiniAODv2_NanoAODv9-v1/NANOAOD
/DoubleMuon/Run2018B-UL2018_MiniAODv2_NanoAODv9-v1/NANOAOD
/DoubleMuon/Run2018C-UL2018_MiniAODv2_NanoAODv9-v1/NANOAOD
/DoubleMuon/Run2018D-UL2018_MiniAODv2_NanoAODv9-v2/NANOAOD

#SingleEle
/SingleElectron/Run2016B-ver1_HIPM_UL2016_MiniAODv2_NanoAODv9-v1/NANOAOD
/SingleElectron/Run2016B-ver2_HIPM_UL2016_MiniAODv2_NanoAODv9-v1/NANOAOD
/SingleElectron/Run2016C-HIPM_UL2016_MiniAODv2_NanoAODv9-v1/NANOAOD
/SingleElectron/Run2016D-HIPM_UL2016_MiniAODv2_NanoAODv9-v1/NANOAOD
/SingleElectron/Run2016E-HIPM_UL2016_MiniAODv2_NanoAODv9-v1/NANOAOD
/SingleElectron/Run2016F-HIPM_UL2016_MiniAODv2_NanoAODv9-v1/NANOAOD
/SingleElectron/Run2016F-UL2016_MiniAODv2_NanoAODv9-v1/NANOAOD
/SingleElectron/Run2016G-UL2016_MiniAODv2_NanoAODv9-v1/NANOAOD
/SingleElectron/Run2016H-UL2016_MiniAODv2_NanoAODv9-v1/NANOAOD
/SingleElectron/Run2017B-UL2017_MiniAODv2_NanoAODv9-v1/NANOAOD
/SingleElectron/Run2017C-UL2017_MiniAODv2_NanoAODv9-v1/NANOAOD
/SingleElectron/Run2017D-UL2017_MiniAODv2_NanoAODv9-v1/NANOAOD
/SingleElectron/Run2017E-UL2017_MiniAODv2_NanoAODv9-v1/NANOAOD
/SingleElectron/Run2017F-UL2017_MiniAODv2_NanoAODv9-v1/NANOAOD
#what is this one and why no G,H for 2017 SingleElectron?
/SingleElectron/Run2017F-UL2017_Nano02Dec2019-v1/NANOAOD
#DiEle

/DoubleEG/Run2016B-ver1_HIPM_UL2016_MiniAODv2_NanoAODv9-v2/NANOAOD
/DoubleEG/Run2016B-ver2_HIPM_UL2016_MiniAODv2_NanoAODv9-v3/NANOAOD
/DoubleEG/Run2016C-HIPM_UL2016_MiniAODv2_NanoAODv9-v2/NANOAOD
/DoubleEG/Run2016D-HIPM_UL2016_MiniAODv2_NanoAODv9-v2/NANOAOD
/DoubleEG/Run2016E-HIPM_UL2016_MiniAODv2_NanoAODv9-v2/NANOAOD
/DoubleEG/Run2016F-HIPM_UL2016_MiniAODv2_NanoAODv9-v2/NANOAOD
/DoubleEG/Run2016F-UL2016_MiniAODv2_NanoAODv9-v1/NANOAOD
/DoubleEG/Run2016G-UL2016_MiniAODv2_NanoAODv9-v1/NANOAOD
/DoubleEG/Run2016H-UL2016_MiniAODv2_NanoAODv9-v1/NANOAOD

#/DoubleEG/Run2016B-ver1_HIPM_UL2016_MiniAODv2_NanoAODv9-v1/NANOAOD
#/DoubleEG/Run2016B-ver2_HIPM_UL2016_MiniAODv2_NanoAODv9-v2/NANOAOD
#/DoubleEG/Run2016C-HIPM_UL2016_MiniAODv2_NanoAODv9-v1/NANOAOD
#/DoubleEG/Run2016D-HIPM_UL2016_MiniAODv2_NanoAODv9-v1/NANOAOD
#/DoubleEG/Run2016E-HIPM_UL2016_MiniAODv2_NanoAODv9-v1/NANOAOD
#/DoubleEG/Run2016F-HIPM_UL2016_MiniAODv2_NanoAODv9-v1/NANOAOD
#/DoubleEG/Run2016F-UL2016_MiniAODv2_NanoAODv9-v1/NANOAOD
#/DoubleEG/Run2016G-UL2016_MiniAODv2_NanoAODv9-v1/NANOAOD
#/DoubleEG/Run2016H-UL2016_MiniAODv2_NanoAODv9-v1/NANOAOD
/DoubleEG/Run2017B-UL2017_MiniAODv2_NanoAODv9-v1/NANOAOD
/DoubleEG/Run2017C-UL2017_MiniAODv2_NanoAODv9-v1/NANOAOD
/DoubleEG/Run2017D-UL2017_MiniAODv2_NanoAODv9-v1/NANOAOD
/DoubleEG/Run2017E-UL2017_MiniAODv2_NanoAODv9-v1/NANOAOD
/DoubleEG/Run2017F-UL2017_MiniAODv2_NanoAODv9-v1/NANOAOD
#what is this one and why no G,H for 2017 SingleElectron?
#/DoubleEG/Run2017D-UL2017_Nano02Dec2019-v1/NANOAOD




#SingleG
#2016
/SinglePhoton/Run2016B-ver2_HIPM_UL2016_MiniAODv2_NanoAODv9-v2/NANOAOD
/SinglePhoton/Run2016B-ver1_HIPM_UL2016_MiniAODv2_NanoAODv9-v2/NANOAOD
/SinglePhoton/Run2016C-HIPM_UL2016_MiniAODv2_NanoAODv9-v4/NANOAOD
/SinglePhoton/Run2016D-HIPM_UL2016_MiniAODv2_NanoAODv9-v2/NANOAOD
/SinglePhoton/Run2016E-HIPM_UL2016_MiniAODv2_NanoAODv9-v2/NANOAOD
/SinglePhoton/Run2016F-HIPM_UL2016_MiniAODv2_NanoAODv9-v2/NANOAOD
/SinglePhoton/Run2016F-UL2016_MiniAODv2_NanoAODv9-v1/NANOAOD
/SinglePhoton/Run2016G-UL2016_MiniAODv2_NanoAODv9-v2/NANOAOD
/SinglePhoton/Run2016H-UL2016_MiniAODv2_NanoAODv9-v1/NANOAOD

/SinglePhoton/Run2017B-UL2017_MiniAODv2_NanoAODv9-v1/NANOAOD
/SinglePhoton/Run2017C-UL2017_MiniAODv2_NanoAODv9-v1/NANOAOD
/SinglePhoton/Run2017D-UL2017_MiniAODv2_NanoAODv9-v1/NANOAOD
/SinglePhoton/Run2017E-UL2017_MiniAODv2_NanoAODv9-v1/NANOAOD
/SinglePhoton/Run2017F-UL2017_MiniAODv2_NanoAODv9-v1/NANOAOD


#EG2018
/EGamma/Run2018A-UL2018_MiniAODv2_NanoAODv9-v1/NANOAOD
/EGamma/Run2018B-UL2018_MiniAODv2_NanoAODv9-v1/NANOAOD
/EGamma/Run2018C-UL2018_MiniAODv2_NanoAODv9-v1/NANOAOD
/EGamma/Run2018D-UL2018_MiniAODv2_NanoAODv9-v3/NANOAOD
#### /DY*ToLL*/*NanoAODAPVv9*/NANOAODSIM
#### /DY*ToLL*/*NanoAODv9*/NANOAODSIM
####rm JMENano, M-10to50, Pilot, FlatPU0to75, Pt-*To*, 200toInf_BPSFilter

#Inclusive samples NLO
/DYJetsToLL_M-50_TuneCP5_13TeV-amcatnloFXFX-pythia8/RunIISummer20UL16NanoAODAPVv9-106X_mcRun2_asymptotic_preVFP_v11-v1/NANOAODSIM
/DYJetsToLL_M-50_TuneCP5_13TeV-amcatnloFXFX-pythia8/RunIISummer20UL16NanoAODv9-106X_mcRun2_asymptotic_v17-v1/NANOAODSIM
/DYJetsToLL_M-50_TuneCP5_13TeV-amcatnloFXFX-pythia8/RunIISummer20UL17NanoAODv9-106X_mc2017_realistic_v9-v2/NANOAODSIM
/DYJetsToLL_M-50_TuneCP5_13TeV-amcatnloFXFX-pythia8/RunIISummer20UL18NanoAODv9-106X_upgrade2018_realistic_v16_L1v1-v2/NANOAODSIM

####/GJets_*TuneCP5_13TeV-madgraphMLM-pythia8/RunIISummer20UL*NanoAOD*v9*/NANOAODSIM
####rm JMENano, Nano(APV)o-v2
#GJets DR cut: no postVFP /GJets_DR-0p4_HT-200To400_TuneCP5_13TeV-madgraphMLM-pythia8/RunIISummer20UL16NanoAODAPVv9-106X_mcRun2_asymptotic_preVFP_v11-v2/NANOAODSIM
/GJets_DR-0p4_HT-100To200_TuneCP5_13TeV-madgraphMLM-pythia8/RunIISummer20UL16NanoAODAPVv9-106X_mcRun2_asymptotic_preVFP_v11-v2/NANOAODSIM
/GJets_DR-0p4_HT-100To200_TuneCP5_13TeV-madgraphMLM-pythia8/RunIISummer20UL16NanoAODv9-106X_mcRun2_asymptotic_v17-v2/NANOAODSIM
/GJets_DR-0p4_HT-100To200_TuneCP5_13TeV-madgraphMLM-pythia8/RunIISummer20UL17NanoAODv9-106X_mc2017_realistic_v9-v1/NANOAODSIM
/GJets_DR-0p4_HT-100To200_TuneCP5_13TeV-madgraphMLM-pythia8/RunIISummer20UL18NanoAODv9-106X_upgrade2018_realistic_v16_L1v1-v1/NANOAODSIM
/GJets_DR-0p4_HT-200To400_TuneCP5_13TeV-madgraphMLM-pythia8/RunIISummer20UL16NanoAODAPVv9-106X_mcRun2_asymptotic_preVFP_v11-v2/NANOAODSIM
/GJets_DR-0p4_HT-200To400_TuneCP5_13TeV-madgraphMLM-pythia8/RunIISummer20UL16NanoAODv9-106X_mcRun2_asymptotic_v17-v2/NANOAODSIM
/GJets_DR-0p4_HT-200To400_TuneCP5_13TeV-madgraphMLM-pythia8/RunIISummer20UL17NanoAODv9-106X_mc2017_realistic_v9-v1/NANOAODSIM
/GJets_DR-0p4_HT-200To400_TuneCP5_13TeV-madgraphMLM-pythia8/RunIISummer20UL18NanoAODv9-106X_upgrade2018_realistic_v16_L1v1-v1/NANOAODSIM
/GJets_DR-0p4_HT-400To600_TuneCP5_13TeV-madgraphMLM-pythia8/RunIISummer20UL16NanoAODAPVv9-106X_mcRun2_asymptotic_preVFP_v11-v2/NANOAODSIM
/GJets_DR-0p4_HT-400To600_TuneCP5_13TeV-madgraphMLM-pythia8/RunIISummer20UL16NanoAODv9-106X_mcRun2_asymptotic_v17-v2/NANOAODSIM
/GJets_DR-0p4_HT-400To600_TuneCP5_13TeV-madgraphMLM-pythia8/RunIISummer20UL17NanoAODv9-106X_mc2017_realistic_v9-v1/NANOAODSIM
/GJets_DR-0p4_HT-400To600_TuneCP5_13TeV-madgraphMLM-pythia8/RunIISummer20UL18NanoAODv9-106X_upgrade2018_realistic_v16_L1v1-v1/NANOAODSIM
/GJets_DR-0p4_HT-600ToInf_TuneCP5_13TeV-madgraphMLM-pythia8/RunIISummer20UL16NanoAODAPVv9-106X_mcRun2_asymptotic_preVFP_v11-v2/NANOAODSIM
/GJets_DR-0p4_HT-600ToInf_TuneCP5_13TeV-madgraphMLM-pythia8/RunIISummer20UL16NanoAODv9-106X_mcRun2_asymptotic_v17-v2/NANOAODSIM
/GJets_DR-0p4_HT-600ToInf_TuneCP5_13TeV-madgraphMLM-pythia8/RunIISummer20UL17NanoAODv9-106X_mc2017_realistic_v9-v1/NANOAODSIM
/GJets_DR-0p4_HT-600ToInf_TuneCP5_13TeV-madgraphMLM-pythia8/RunIISummer20UL18NanoAODv9-106X_upgrade2018_realistic_v16_L1v1-v1/NANOAODSIM
#G1Jet
/G1Jet_LHEGpT-50To100_TuneCP5_13TeV-amcatnlo-pythia8/RunIISummer20UL16NanoAODAPVv9-106X_mcRun2_asymptotic_preVFP_v11-v1/NANOAODSIM
/G1Jet_LHEGpT-50To100_TuneCP5_13TeV-amcatnlo-pythia8/RunIISummer20UL17NanoAODv9-106X_mc2017_realistic_v9-v1/NANOAODSIM
/G1Jet_LHEGpT-100To150_TuneCP5_13TeV-amcatnlo-pythia8/RunIISummer20UL16NanoAODv9-106X_mcRun2_asymptotic_v17-v1/NANOAODSIM
/G1Jet_LHEGpT-100To150_TuneCP5_13TeV-amcatnlo-pythia8/RunIISummer20UL16NanoAODAPVv9-106X_mcRun2_asymptotic_preVFP_v11-v1/NANOAODSIM
/G1Jet_LHEGpT-100To150_TuneCP5_13TeV-amcatnlo-pythia8/RunIISummer20UL17NanoAODv9-106X_mc2017_realistic_v9-v1/NANOAODSIM
/G1Jet_LHEGpT-100To150_TuneCP5_13TeV-amcatnlo-pythia8/RunIISummer20UL18NanoAODv9-106X_upgrade2018_realistic_v16_L1v1-v1/NANOAODSIM
/G1Jet_LHEGpT-150To250_TuneCP5_13TeV-amcatnlo-pythia8/RunIISummer20UL16NanoAODAPVv9-106X_mcRun2_asymptotic_preVFP_v11-v1/NANOAODSIM
/G1Jet_LHEGpT-150To250_TuneCP5_13TeV-amcatnlo-pythia8/RunIISummer20UL16NanoAODv9-106X_mcRun2_asymptotic_v17-v1/NANOAODSIM
/G1Jet_LHEGpT-150To250_TuneCP5_13TeV-amcatnlo-pythia8/RunIISummer20UL17NanoAODv9-106X_mc2017_realistic_v9-v1/NANOAODSIM
/G1Jet_LHEGpT-150To250_TuneCP5_13TeV-amcatnlo-pythia8/RunIISummer20UL18NanoAODv9-106X_upgrade2018_realistic_v16_L1v1-v1/NANOAODSIM
/G1Jet_LHEGpT-250To400_TuneCP5_13TeV-amcatnlo-pythia8/RunIISummer20UL16NanoAODAPVv9-106X_mcRun2_asymptotic_preVFP_v11-v1/NANOAODSIM
/G1Jet_LHEGpT-250To400_TuneCP5_13TeV-amcatnlo-pythia8/RunIISummer20UL16NanoAODv9-106X_mcRun2_asymptotic_v17-v1/NANOAODSIM
/G1Jet_LHEGpT-250To400_TuneCP5_13TeV-amcatnlo-pythia8/RunIISummer20UL17NanoAODv9-106X_mc2017_realistic_v9-v1/NANOAODSIM
/G1Jet_LHEGpT-250To400_TuneCP5_13TeV-amcatnlo-pythia8/RunIISummer20UL18NanoAODv9-106X_upgrade2018_realistic_v16_L1v1-v1/NANOAODSIM
/G1Jet_LHEGpT-400To675_TuneCP5_13TeV-amcatnlo-pythia8/RunIISummer20UL16NanoAODAPVv9-106X_mcRun2_asymptotic_preVFP_v11-v1/NANOAODSIM
/G1Jet_LHEGpT-400To675_TuneCP5_13TeV-amcatnlo-pythia8/RunIISummer20UL16NanoAODv9-106X_mcRun2_asymptotic_v17-v1/NANOAODSIM
/G1Jet_LHEGpT-400To675_TuneCP5_13TeV-amcatnlo-pythia8/RunIISummer20UL17NanoAODv9-106X_mc2017_realistic_v9-v1/NANOAODSIM
/G1Jet_LHEGpT-400To675_TuneCP5_13TeV-amcatnlo-pythia8/RunIISummer20UL18NanoAODv9-106X_upgrade2018_realistic_v16_L1v1-v1/NANOAODSIM
/G1Jet_LHEGpT-675ToInf_TuneCP5_13TeV-amcatnlo-pythia8/RunIISummer20UL16NanoAODAPVv9-106X_mcRun2_asymptotic_preVFP_v11-v1/NANOAODSIM
/G1Jet_LHEGpT-675ToInf_TuneCP5_13TeV-amcatnlo-pythia8/RunIISummer20UL16NanoAODv9-106X_mcRun2_asymptotic_v17-v1/NANOAODSIM
/G1Jet_LHEGpT-675ToInf_TuneCP5_13TeV-amcatnlo-pythia8/RunIISummer20UL17NanoAODv9-106X_mc2017_realistic_v9-v1/NANOAODSIM
/G1Jet_LHEGpT-675ToInf_TuneCP5_13TeV-amcatnlo-pythia8/RunIISummer20UL18NanoAODv9-106X_upgrade2018_realistic_v16_L1v1-v1/NANOAODSIM
#NanoAODAPVv9 missing 30-50, 80-120, onwards
#/QCD_Pt-30to50_EMEnriched_TuneCP5_13TeV-pythia8/RunIISummer20UL16NanoAODAPVv9-106X_mcRun2_asymptotic_preVFP_v11-v2/NANOAODSIM
#/QCD_Pt-30to50_EMEnriched_TuneCP5_13TeV-pythia8/RunIISummer20UL16NanoAODv9-106X_mcRun2_asymptotic_v17-v2/NANOAODSIM
#/QCD_Pt-30to50_EMEnriched_TuneCP5_13TeV-pythia8/RunIISummer20UL17NanoAODv9-106X_mc2017_realistic_v9-v2/NANOAODSIM
#/QCD_Pt-30to50_EMEnriched_TuneCP5_13TeV-pythia8/RunIISummer20UL18NanoAODv9-106X_upgrade2018_realistic_v16_L1v1-v2/NANOAODSIM
#/QCD_Pt-50to80_EMEnriched_TuneCP5_13TeV-pythia8/RunIISummer20UL16NanoAODAPVv9-106X_mcRun2_asymptotic_preVFP_v11-v2/NANOAODSIM
#/QCD_Pt-50to80_EMEnriched_TuneCP5_13TeV-pythia8/RunIISummer20UL16NanoAODv9-106X_mcRun2_asymptotic_v17-v2/NANOAODSIM
#/QCD_Pt-50to80_EMEnriched_TuneCP5_13TeV-pythia8/RunIISummer20UL17NanoAODv9-106X_mc2017_realistic_v9-v2/NANOAODSIM
#/QCD_Pt-50to80_EMEnriched_TuneCP5_13TeV-pythia8/RunIISummer20UL18NanoAODv9-106X_upgrade2018_realistic_v16_L1v1-v2/NANOAODSIM
#/QCD_Pt-80to120_EMEnriched_TuneCP5_13TeV-pythia8/RunIISummer20UL16NanoAODAPVv9-106X_mcRun2_asymptotic_preVFP_v11-v2/NANOAODSIM
#/QCD_Pt-80to120_EMEnriched_TuneCP5_13TeV-pythia8/RunIISummer20UL16NanoAODv9-106X_mcRun2_asymptotic_v17-v2/NANOAODSIM
#/QCD_Pt-80to120_EMEnriched_TuneCP5_13TeV-pythia8/RunIISummer20UL17NanoAODv9-106X_mc2017_realistic_v9-v2/NANOAODSIM
#/QCD_Pt-80to120_EMEnriched_TuneCP5_13TeV-pythia8/RunIISummer20UL18NanoAODv9-106X_upgrade2018_realistic_v16_L1v1-v2/NANOAODSIM
/QCD_Pt-120to170_EMEnriched_TuneCP5_13TeV-pythia8/RunIISummer20UL16NanoAODAPVv9-106X_mcRun2_asymptotic_preVFP_v11-v2/NANOAODSIM
/QCD_Pt-120to170_EMEnriched_TuneCP5_13TeV-pythia8/RunIISummer20UL16NanoAODv9-106X_mcRun2_asymptotic_v17-v2/NANOAODSIM
/QCD_Pt-120to170_EMEnriched_TuneCP5_13TeV-pythia8/RunIISummer20UL17NanoAODv9-106X_mc2017_realistic_v9-v2/NANOAODSIM
/QCD_Pt-120to170_EMEnriched_TuneCP5_13TeV-pythia8/RunIISummer20UL18NanoAODv9-106X_upgrade2018_realistic_v16_L1v1-v2/NANOAODSIM
/QCD_Pt-170to300_EMEnriched_TuneCP5_13TeV-pythia8/RunIISummer20UL16NanoAODAPVv9-106X_mcRun2_asymptotic_preVFP_v11-v2/NANOAODSIM
/QCD_Pt-170to300_EMEnriched_TuneCP5_13TeV-pythia8/RunIISummer20UL16NanoAODv9-106X_mcRun2_asymptotic_v17-v2/NANOAODSIM
/QCD_Pt-170to300_EMEnriched_TuneCP5_13TeV-pythia8/RunIISummer20UL17NanoAODv9-106X_mc2017_realistic_v9-v2/NANOAODSIM
/QCD_Pt-170to300_EMEnriched_TuneCP5_13TeV-pythia8/RunIISummer20UL18NanoAODv9-106X_upgrade2018_realistic_v16_L1v1-v2/NANOAODSIM
/QCD_Pt-300toInf_EMEnriched_TuneCP5_13TeV-pythia8/RunIISummer20UL16NanoAODAPVv9-106X_mcRun2_asymptotic_preVFP_v11-v2/NANOAODSIM
/QCD_Pt-300toInf_EMEnriched_TuneCP5_13TeV-pythia8/RunIISummer20UL16NanoAODv9-106X_mcRun2_asymptotic_v17-v2/NANOAODSIM
/QCD_Pt-300toInf_EMEnriched_TuneCP5_13TeV-pythia8/RunIISummer20UL17NanoAODv9-106X_mc2017_realistic_v9-v2/NANOAODSIM
/QCD_Pt-300toInf_EMEnriched_TuneCP5_13TeV-pythia8/RunIISummer20UL18NanoAODv9-106X_upgrade2018_realistic_v16_L1v1-v2/NANOAODSIM


#Wjets, NLO missing in 2017 replace with sherpa or MLM
/WJetsToLNu_TuneCP5_13TeV-amcatnloFXFX-pythia8/RunIISummer20UL16NanoAODAPVv9-106X_mcRun2_asymptotic_preVFP_v11-v2/NANOAODSIM
/WJetsToLNu_TuneCP5_13TeV-amcatnloFXFX-pythia8/RunIISummer20UL16NanoAODv9-106X_mcRun2_asymptotic_v17-v2/NANOAODSIM
/WJetsToLNu_TuneCP5_13TeV-amcatnloFXFX-pythia8/RunIISummer20UL17NanoAODv9-106X_mc2017_realistic_v9-v2/NANOAODSIM
/WJetsToLNu_TuneCP5_13TeV-amcatnloFXFX-pythia8/RunIISummer20UL18NanoAODv9-106X_upgrade2018_realistic_v16_L1v1-v2/NANOAODSIM

#WGamma
/WGToLNuG_01J_5f_TuneCP5_13TeV-amcatnloFXFX-pythia8/RunIISummer20UL16NanoAODAPVv9-106X_mcRun2_asymptotic_preVFP_v11-v1/NANOAODSIM
/WGToLNuG_01J_5f_TuneCP5_13TeV-amcatnloFXFX-pythia8/RunIISummer20UL16NanoAODv9-106X_mcRun2_asymptotic_v17-v1/NANOAODSIM
/WGToLNuG_01J_5f_TuneCP5_13TeV-amcatnloFXFX-pythia8/RunIISummer20UL17NanoAODv9-106X_mc2017_realistic_v9-v1/NANOAODSIM
/WGToLNuG_01J_5f_TuneCP5_13TeV-amcatnloFXFX-pythia8/RunIISummer20UL18NanoAODv9-106X_upgrade2018_realistic_v16_L1v1-v1/NANOAODSIM
#ttbar and ttG
/ST_s-channel_4f_hadronicDecays_TuneCP5_13TeV-amcatnlo-pythia8/RunIISummer20UL16NanoAODAPVv9-106X_mcRun2_asymptotic_preVFP_v11-v1/NANOAODSIM
/ST_s-channel_4f_hadronicDecays_TuneCP5_13TeV-amcatnlo-pythia8/RunIISummer20UL16NanoAODv9-106X_mcRun2_asymptotic_v17-v1/NANOAODSIM
/ST_s-channel_4f_hadronicDecays_TuneCP5_13TeV-amcatnlo-pythia8/RunIISummer20UL17NanoAODv9-106X_mc2017_realistic_v9-v1/NANOAODSIM
/ST_s-channel_4f_hadronicDecays_TuneCP5_13TeV-amcatnlo-pythia8/RunIISummer20UL18NanoAODv9-106X_upgrade2018_realistic_v16_L1v1-v1/NANOAODSIM
/ST_t-channel_top_4f_InclusiveDecays_TuneCP5_13TeV-powheg-madspin-pythia8/RunIISummer20UL16NanoAODAPVv9-106X_mcRun2_asymptotic_preVFP_v11-v1/NANOAODSIM
/ST_t-channel_top_4f_InclusiveDecays_TuneCP5_13TeV-powheg-madspin-pythia8/RunIISummer20UL16NanoAODv9-106X_mcRun2_asymptotic_v17-v1/NANOAODSIM
/ST_t-channel_top_4f_InclusiveDecays_TuneCP5_13TeV-powheg-madspin-pythia8/RunIISummer20UL17NanoAODv9-106X_mc2017_realistic_v9-v1/NANOAODSIM
/ST_t-channel_top_4f_InclusiveDecays_TuneCP5_13TeV-powheg-madspin-pythia8/RunIISummer20UL18NanoAODv9-106X_upgrade2018_realistic_v16_L1v1-v1/NANOAODSIM
/ST_t-channel_antitop_4f_InclusiveDecays_TuneCP5_13TeV-powheg-madspin-pythia8/RunIISummer20UL16NanoAODAPVv9-106X_mcRun2_asymptotic_preVFP_v11-v1/NANOAODSIM
/ST_t-channel_antitop_4f_InclusiveDecays_TuneCP5_13TeV-powheg-madspin-pythia8/RunIISummer20UL16NanoAODv9-106X_mcRun2_asymptotic_v17-v1/NANOAODSIM
/ST_t-channel_antitop_4f_InclusiveDecays_TuneCP5_13TeV-powheg-madspin-pythia8/RunIISummer20UL17NanoAODv9-106X_mc2017_realistic_v9-v1/NANOAODSIM
/ST_t-channel_antitop_4f_InclusiveDecays_TuneCP5_13TeV-powheg-madspin-pythia8/RunIISummer20UL18NanoAODv9-106X_upgrade2018_realistic_v16_L1v1-v1/NANOAODSIM
/TTTo2L2Nu_TuneCP5_13TeV-powheg-pythia8/RunIISummer20UL16NanoAODAPVv9-106X_mcRun2_asymptotic_preVFP_v11-v1/NANOAODSIM
/TTTo2L2Nu_TuneCP5_13TeV-powheg-pythia8/RunIISummer20UL16NanoAODv9-106X_mcRun2_asymptotic_v17-v1/NANOAODSIM
/TTTo2L2Nu_TuneCP5_13TeV-powheg-pythia8/RunIISummer20UL17NanoAODv9-106X_mc2017_realistic_v9-v1/NANOAODSIM
/TTTo2L2Nu_TuneCP5_13TeV-powheg-pythia8/RunIISummer20UL18NanoAODv9-106X_upgrade2018_realistic_v16_L1v1-v1/NANOAODSIM
/TTGJets_TuneCP5_13TeV-amcatnloFXFX-madspin-pythia8/RunIISummer20UL16NanoAODAPVv9-106X_mcRun2_asymptotic_preVFP_v11-v2/NANOAODSIM
/TTGJets_TuneCP5_13TeV-amcatnloFXFX-madspin-pythia8/RunIISummer20UL16NanoAODv9-106X_mcRun2_asymptotic_v17-v1/NANOAODSIM
/TTGJets_TuneCP5_13TeV-amcatnloFXFX-madspin-pythia8/RunIISummer20UL17NanoAODv9-106X_mc2017_realistic_v9-v1/NANOAODSIM
/TTGJets_TuneCP5_13TeV-amcatnloFXFX-madspin-pythia8/RunIISummer20UL18NanoAODv9-106X_upgrade2018_realistic_v16_L1v1-v1/NANOAODSIM
#GG
/DiPhotonJetsBox_MGG-80toInf_13TeV-sherpa/RunIISummer20UL16NanoAODAPVv9-106X_mcRun2_asymptotic_preVFP_v11-v2/NANOAODSIM
/DiPhotonJetsBox_MGG-80toInf_13TeV-sherpa/RunIISummer20UL16NanoAODv9-106X_mcRun2_asymptotic_v17-v2/NANOAODSIM
/DiPhotonJetsBox_MGG-80toInf_13TeV-sherpa/RunIISummer20UL17NanoAODv9-106X_mc2017_realistic_v9-v1/NANOAODSIM
/DiPhotonJetsBox_MGG-80toInf_13TeV-sherpa/RunIISummer20UL18NanoAODv9-106X_upgrade2018_realistic_v16_L1v1-v1/NANOAODSIM
#EWK_LL
/EWK_LLJJ_MLL-50_MJJ-120_TuneCP5_13TeV-madgraph-pythia8_dipole/RunIISummer20UL17NanoAODv9-106X_mc2017_realistic_v9-v1/NANOAODSIM
/EWK_LLJJ_MLL-50_MJJ-120_TuneCP5_13TeV-madgraph-pythia8_dipole/RunIISummer20UL18NanoAODv9-106X_upgrade2018_realistic_v16_L1v1-v1/NANOAODSIM

#GJets_SM
/GJets_SM_4f_TuneCP5_EWK_13TeV_amcatnlo-pythia8/RunIISummer20UL18NanoAODv9-106X_upgrade2018_realistic_v16_L1v1-v1/NANOAODSIM
/GJets_SM_4f_TuneCP5_EWK_13TeV_amcatnlo-pythia8/RunIISummer20UL16NanoAODv9-106X_mcRun2_asymptotic_v17-v1/NANOAODSIM
/GJets_SM_4f_TuneCP5_EWK_13TeV_amcatnlo-pythia8/RunIISummer20UL16NanoAODAPVv9-106X_mcRun2_asymptotic_preVFP_v11-v1/NANOAODSIM
/GJets_SM_4f_TuneCP5_EWK_13TeV_amcatnlo-pythia8/RunIISummer20UL17NanoAODv9-106X_mc2017_realistic_v9-v1/NANOAODSIM
/GJets_SM_5f_TuneCP5_EWK_dipoleRecoil_13TeV-madgraph-pythia8/RunIISummer20UL16NanoAODAPVv9-106X_mcRun2_asymptotic_preVFP_v11-v1/NANOAODSIM
/GJets_SM_5f_TuneCP5_EWK_dipoleRecoil_13TeV-madgraph-pythia8/RunIISummer20UL16NanoAODv9-106X_mcRun2_asymptotic_v17-v1/NANOAODSIM
/GJets_SM_5f_TuneCP5_EWK_dipoleRecoil_13TeV-madgraph-pythia8/RunIISummer20UL17NanoAODv9-106X_mc2017_realistic_v9-v1/NANOAODSIM
/GJets_SM_5f_TuneCP5_EWK_dipoleRecoil_13TeV-madgraph-pythia8/RunIISummer20UL18NanoAODv9-106X_upgrade2018_realistic_v16_L1v1-v1/NANOAODSIM
