### SINGLE ELECTRON
/SingleElectron/Run2016B-02Apr2020_ver1-v1/NANOAOD
#Dunno what ver means                                                                                                                                                                                     
/SingleElectron/Run2016B-02Apr2020_ver2-v1/NANOAOD
/SingleElectron/Run2016C-02Apr2020-v1/NANOAOD
/SingleElectron/Run2016D-02Apr2020-v1/NANOAOD
/SingleElectron/Run2016E-02Apr2020-v1/NANOAOD
/SingleElectron/Run2016F-02Apr2020-v1/NANOAOD
/SingleElectron/Run2016G-02Apr2020-v1/NANOAOD
/SingleElectron/Run2016H-02Apr2020-v1/NANOAOD
/SingleElectron/Run2017B-02Apr2020-v1/NANOAOD
/SingleElectron/Run2017C-02Apr2020-v1/NANOAOD
/SingleElectron/Run2017D-02Apr2020-v1/NANOAOD
/SingleElectron/Run2017E-02Apr2020-v1/NANOAOD
/SingleElectron/Run2017F-02Apr2020-v1/NANOAOD
# In 2018, Electron Photon are unified.
#/EGamma/Run2018A-02Apr2020-v1/NANOAOD
#/EGamma/Run2018B-02Apr2020-v1/NANOAOD
#/EGamma/Run2018C-02Apr2020-v1/NANOAOD
#/EGamma/Run2018D-02Apr2020-v1/NANOAOD

### SINGLE MUON
/SingleMuon/Run2016B-02Apr2020_ver1-v1/NANOAOD
#Dunno what ver means                                                                                                                                                                                     
/SingleMuon/Run2016B-02Apr2020_ver2-v1/NANOAOD
/SingleMuon/Run2016C-02Apr2020-v1/NANOAOD
/SingleMuon/Run2016D-02Apr2020-v1/NANOAOD
/SingleMuon/Run2016E-02Apr2020-v1/NANOAOD
/SingleMuon/Run2016F-02Apr2020-v1/NANOAOD
/SingleMuon/Run2016G-02Apr2020-v1/NANOAOD
/SingleMuon/Run2016H-02Apr2020-v1/NANOAOD
/SingleMuon/Run2017B-02Apr2020-v1/NANOAOD
/SingleMuon/Run2017C-02Apr2020-v1/NANOAOD
/SingleMuon/Run2017D-02Apr2020-v1/NANOAOD
/SingleMuon/Run2017E-02Apr2020-v1/NANOAOD
/SingleMuon/Run2017F-02Apr2020-v1/NANOAOD
/SingleMuon/Run2018A-02Apr2020-v1/NANOAOD
/SingleMuon/Run2018B-02Apr2020-v1/NANOAOD
/SingleMuon/Run2018C-02Apr2020-v1/NANOAOD
/SingleMuon/Run2018D-02Apr2020-v1/NANOAOD

